[0.011s] Invoking command in '/home/parallels/arduinobot_ws/build/arduinobot_cpp_examples': AMENT_PREFIX_PATH=/home/parallels/arduinobot_ws/install/arduinobot_msgs:${AMENT_PREFIX_PATH} CMAKE_PREFIX_PATH=/home/parallels/arduinobot_ws/install/arduinobot_msgs:/home/parallels/ros2_ws/install/vision_opencv:/home/parallels/ros2_ws/install/image_geometry:/home/parallels/ros2_ws/install/cv_bridge:/home/parallels/test_ws/install/turtlesim:/home/parallels/test_ws/install/my_package:/home/parallels/ros2_ws/install/opencv_tests:/home/parallels/ros2_ws/install/my_robot_controller:/opt/ros/humble LD_LIBRARY_PATH=/home/parallels/arduinobot_ws/install/arduinobot_msgs/lib:${LD_LIBRARY_PATH} PYTHONPATH=/home/parallels/arduinobot_ws/install/arduinobot_msgs/local/lib/python3.10/dist-packages:${PYTHONPATH} /usr/bin/cmake --build /home/parallels/arduinobot_ws/build/arduinobot_cpp_examples -- -j4 -l4
[0.036s] -- Found ament_cmake: 1.3.9 (/opt/ros/humble/share/ament_cmake/cmake)
[0.140s] -- Override CMake install command with custom implementation using symlinks instead of copying resources
[0.153s] -- Found rclcpp: 16.0.9 (/opt/ros/humble/share/rclcpp/cmake)
[0.186s] -- Found rosidl_generator_c: 3.1.5 (/opt/ros/humble/share/rosidl_generator_c/cmake)
[0.187s] -- Found rosidl_adapter: 3.1.5 (/opt/ros/humble/share/rosidl_adapter/cmake)
[0.194s] -- Found rosidl_generator_cpp: 3.1.5 (/opt/ros/humble/share/rosidl_generator_cpp/cmake)
[0.206s] -- Using all available rosidl_typesupport_c: rosidl_typesupport_fastrtps_c;rosidl_typesupport_introspection_c
[0.221s] -- Using all available rosidl_typesupport_cpp: rosidl_typesupport_fastrtps_cpp;rosidl_typesupport_introspection_cpp
[0.311s] -- Found rmw_implementation_cmake: 6.1.2 (/opt/ros/humble/share/rmw_implementation_cmake/cmake)
[0.314s] -- Found rmw_fastrtps_cpp: 6.2.6 (/opt/ros/humble/share/rmw_fastrtps_cpp/cmake)
[0.475s] -- Using RMW implementation 'rmw_fastrtps_cpp' as default
[0.728s] -- Found arduinobot_msgs: 0.0.0 (/home/parallels/arduinobot_ws/install/arduinobot_msgs/share/arduinobot_msgs/cmake)
[0.753s] -- Found ament_lint_auto: 0.12.11 (/opt/ros/humble/share/ament_lint_auto/cmake)
[0.822s] -- Added test 'cppcheck' to perform static code analysis on C / C++ code
[0.823s] -- Configured cppcheck include dirs: 
[0.823s] -- Configured cppcheck exclude dirs and/or files: 
[0.823s] -- Added test 'lint_cmake' to check CMake code style
[0.824s] -- Added test 'uncrustify' to check C / C++ code style
[0.824s] -- Configured uncrustify additional arguments: 
[0.824s] -- Added test 'xmllint' to check XML markup files
[0.825s] -- Configuring done
[0.841s] -- Generating done
[0.843s] -- Build files have been written to: /home/parallels/arduinobot_ws/build/arduinobot_cpp_examples
[0.860s] [35m[1mConsolidate compiler generated dependencies of target simple_publisher[0m
[0.861s] [35m[1mConsolidate compiler generated dependencies of target simple_subscriber[0m
[0.873s] [ 25%] Built target simple_publisher
[0.875s] [35m[1mConsolidate compiler generated dependencies of target simple_parameter[0m
[0.876s] [ 50%] Built target simple_subscriber
[0.898s] [ 62%] [32mBuilding CXX object CMakeFiles/simple_service_server.dir/src/simple_service_server.cpp.o[0m
[0.905s] [ 87%] Built target simple_parameter
[2.621s] [01m[K/home/parallels/arduinobot_ws/src/arduinobot_cpp_examples/src/simple_service_server.cpp:5:34:[m[K [01;31m[Kerror: [m[Kexpected â€˜[01m[K;[m[Kâ€™ before â€˜[01m[Kclass[m[Kâ€™
[2.621s]     5 | using namespace std::placeholders
[2.621s]       |                                  [01;31m[K^[m[K
[2.621s]       |                                  [32m[K;[m[K
[2.621s]     6 | [32m[Kclass[m[K SimpleServiceServer : public rclcpp::Node
[2.621s]       | [32m[K~~~~~[m[K                             
[2.637s] [01m[K/home/parallels/arduinobot_ws/src/arduinobot_cpp_examples/src/simple_service_server.cpp:[m[K In constructor â€˜[01m[KSimpleServiceServer::SimpleServiceServer()[m[Kâ€™:
[2.637s] [01m[K/home/parallels/arduinobot_ws/src/arduinobot_cpp_examples/src/simple_service_server.cpp:13:5:[m[K [01;31m[Kerror: [m[Kexpected â€˜[01m[K;[m[Kâ€™ before â€˜[01m[K}[m[Kâ€™ token
[2.637s]    13 |     [01;31m[K}[m[K
[2.637s]       |     [01;31m[K^[m[K
[2.646s] In file included from [01m[K/opt/ros/humble/include/rclcpp/rclcpp/client.hpp:40[m[K,
[2.646s]                  from [01m[K/opt/ros/humble/include/rclcpp/rclcpp/callback_group.hpp:24[m[K,
[2.646s]                  from [01m[K/opt/ros/humble/include/rclcpp/rclcpp/any_executable.hpp:20[m[K,
[2.646s]                  from [01m[K/opt/ros/humble/include/rclcpp/rclcpp/memory_strategy.hpp:25[m[K,
[2.646s]                  from [01m[K/opt/ros/humble/include/rclcpp/rclcpp/memory_strategies.hpp:18[m[K,
[2.646s]                  from [01m[K/opt/ros/humble/include/rclcpp/rclcpp/executor_options.hpp:20[m[K,
[2.646s]                  from [01m[K/opt/ros/humble/include/rclcpp/rclcpp/executor.hpp:37[m[K,
[2.646s]                  from [01m[K/opt/ros/humble/include/rclcpp/rclcpp/executors/multi_threaded_executor.hpp:25[m[K,
[2.646s]                  from [01m[K/opt/ros/humble/include/rclcpp/rclcpp/executors.hpp:21[m[K,
[2.646s]                  from [01m[K/opt/ros/humble/include/rclcpp/rclcpp/rclcpp.hpp:155[m[K,
[2.646s]                  from [01m[K/home/parallels/arduinobot_ws/src/arduinobot_cpp_examples/src/simple_service_server.cpp:1[m[K:
[2.646s] [01m[K/home/parallels/arduinobot_ws/src/arduinobot_cpp_examples/src/simple_service_server.cpp:[m[K In member function â€˜[01m[Kvoid SimpleServiceServer::serviceCallback(std::shared_ptr<arduinobot_msgs::srv::AddTwoInts_Request_<std::allocator<void> > >, std::shared_ptr<arduinobot_msgs::srv::AddTwoInts_Response_<std::allocator<void> > >)[m[Kâ€™:
[2.647s] [01m[K/home/parallels/arduinobot_ws/src/arduinobot_cpp_examples/src/simple_service_server.cpp:21:28:[m[K [01;31m[Kerror: [m[Kâ€˜[01m[Krclcp[m[Kâ€™ was not declared in this scope; did you mean â€˜[01m[Krclcpp[m[Kâ€™?
[2.647s]    21 |         RCLCPP_INFO_STREAM([01;31m[Krclcp[m[K::get_logger("rclcpp"), "New Request Received a: " << req->a <<" b:"<<req->b);
[2.647s]       |                            [01;31m[K^~~~~[m[K
[2.647s] [01m[K/home/parallels/arduinobot_ws/src/arduinobot_cpp_examples/src/simple_service_server.cpp:21:28:[m[K [01;31m[Kerror: [m[Kâ€˜[01m[Krclcp[m[Kâ€™ is not a class, namespace, or enumeration
[2.647s] [01m[K/home/parallels/arduinobot_ws/src/arduinobot_cpp_examples/src/simple_service_server.cpp:21:9:[m[K [01;31m[Kerror: [m[Ktemplate argument 1 is invalid
[2.647s]    21 |         [01;31m[KRCLCPP_INFO_STREAM[m[K(rclcp::get_logger("rclcpp"), "New Request Received a: " << req->a <<" b:"<<req->b);
[2.647s]       |         [01;31m[K^~~~~~~~~~~~~~~~~~[m[K
[2.647s] [01m[K/home/parallels/arduinobot_ws/src/arduinobot_cpp_examples/src/simple_service_server.cpp:21:9:[m[K [01;31m[Kerror: [m[Ktemplate argument 1 is invalid
[2.647s]    21 |         [01;31m[KRCLCPP_INFO_STREAM[m[K(rclcp::get_logger("rclcpp"), "New Request Received a: " << req->a <<" b:"<<req->b);
[2.647s]       |         [01;31m[K^~~~~~~~~~~~~~~~~~[m[K
[2.647s] [01m[K/home/parallels/arduinobot_ws/src/arduinobot_cpp_examples/src/simple_service_server.cpp:21:9:[m[K [01;31m[Kerror: [m[Ktemplate argument 1 is invalid
[2.647s]    21 |         [01;31m[KRCLCPP_INFO_STREAM[m[K(rclcp::get_logger("rclcpp"), "New Request Received a: " << req->a <<" b:"<<req->b);
[2.647s]       |         [01;31m[K^~~~~~~~~~~~~~~~~~[m[K
[2.647s] In file included from [01m[K/opt/ros/humble/include/rclcpp/rclcpp/logging.hpp:24[m[K,
[2.647s]                  from [01m[K/opt/ros/humble/include/rclcpp/rclcpp/client.hpp:40[m[K,
[2.647s]                  from [01m[K/opt/ros/humble/include/rclcpp/rclcpp/callback_group.hpp:24[m[K,
[2.647s]                  from [01m[K/opt/ros/humble/include/rclcpp/rclcpp/any_executable.hpp:20[m[K,
[2.647s]                  from [01m[K/opt/ros/humble/include/rclcpp/rclcpp/memory_strategy.hpp:25[m[K,
[2.647s]                  from [01m[K/opt/ros/humble/include/rclcpp/rclcpp/memory_strategies.hpp:18[m[K,
[2.647s]                  from [01m[K/opt/ros/humble/include/rclcpp/rclcpp/executor_options.hpp:20[m[K,
[2.647s]                  from [01m[K/opt/ros/humble/include/rclcpp/rclcpp/executor.hpp:37[m[K,
[2.647s]                  from [01m[K/opt/ros/humble/include/rclcpp/rclcpp/executors/multi_threaded_executor.hpp:25[m[K,
[2.647s]                  from [01m[K/opt/ros/humble/include/rclcpp/rclcpp/executors.hpp:21[m[K,
[2.647s]                  from [01m[K/opt/ros/humble/include/rclcpp/rclcpp/rclcpp.hpp:155[m[K,
[2.647s]                  from [01m[K/home/parallels/arduinobot_ws/src/arduinobot_cpp_examples/src/simple_service_server.cpp:1[m[K:
[2.647s] [01m[K/home/parallels/arduinobot_ws/src/arduinobot_cpp_examples/src/simple_service_server.cpp:21:28:[m[K [01;31m[Kerror: [m[Kâ€˜[01m[Krclcp[m[Kâ€™ is not a class, namespace, or enumeration
[2.648s]    21 |         RCLCPP_INFO_STREAM([01;31m[Krclcp[m[K::get_logger("rclcpp"), "New Request Received a: " << req->a <<" b:"<<req->b);
[2.648s]       |                            [01;31m[K^~~~~[m[K
[2.648s] [01m[K/home/parallels/arduinobot_ws/src/arduinobot_cpp_examples/src/simple_service_server.cpp:21:28:[m[K [01;31m[Kerror: [m[Kâ€˜[01m[Krclcp[m[Kâ€™ is not a class, namespace, or enumeration
[2.648s]    21 |         RCLCPP_INFO_STREAM([01;31m[Krclcp[m[K::get_logger("rclcpp"), "New Request Received a: " << req->a <<" b:"<<req->b);
[2.648s]       |                            [01;31m[K^~~~~[m[K
[2.648s] In file included from [01m[K/opt/ros/humble/include/rclcpp/rclcpp/client.hpp:40[m[K,
[2.648s]                  from [01m[K/opt/ros/humble/include/rclcpp/rclcpp/callback_group.hpp:24[m[K,
[2.648s]                  from [01m[K/opt/ros/humble/include/rclcpp/rclcpp/any_executable.hpp:20[m[K,
[2.648s]                  from [01m[K/opt/ros/humble/include/rclcpp/rclcpp/memory_strategy.hpp:25[m[K,
[2.648s]                  from [01m[K/opt/ros/humble/include/rclcpp/rclcpp/memory_strategies.hpp:18[m[K,
[2.648s]                  from [01m[K/opt/ros/humble/include/rclcpp/rclcpp/executor_options.hpp:20[m[K,
[2.648s]                  from [01m[K/opt/ros/humble/include/rclcpp/rclcpp/executor.hpp:37[m[K,
[2.648s]                  from [01m[K/opt/ros/humble/include/rclcpp/rclcpp/executors/multi_threaded_executor.hpp:25[m[K,
[2.648s]                  from [01m[K/opt/ros/humble/include/rclcpp/rclcpp/executors.hpp:21[m[K,
[2.648s]                  from [01m[K/opt/ros/humble/include/rclcpp/rclcpp/rclcpp.hpp:155[m[K,
[2.648s]                  from [01m[K/home/parallels/arduinobot_ws/src/arduinobot_cpp_examples/src/simple_service_server.cpp:1[m[K:
[2.648s] [01m[K/home/parallels/arduinobot_ws/src/arduinobot_cpp_examples/src/simple_service_server.cpp:23:34:[m[K [01;31m[Kerror: [m[Kfound â€˜[01m[K:[m[Kâ€™ in nested-name-specifier, expected â€˜[01m[K::[m[Kâ€™
[2.648s]    23 |         RCLCPP_INFO_STREAM(rclcpp[01;31m[K:[m[Kget_logger("rclcpp"), "Returning sum: " << res->sum);
[2.648s]       |                                  [01;31m[K^[m[K
[2.648s] In file included from [01m[K/opt/ros/humble/include/rclcpp/rclcpp/logging.hpp:24[m[K,
[2.648s]                  from [01m[K/opt/ros/humble/include/rclcpp/rclcpp/client.hpp:40[m[K,
[2.648s]                  from [01m[K/opt/ros/humble/include/rclcpp/rclcpp/callback_group.hpp:24[m[K,
[2.648s]                  from [01m[K/opt/ros/humble/include/rclcpp/rclcpp/any_executable.hpp:20[m[K,
[2.655s]                  from [01m[K/opt/ros/humble/include/rclcpp/rclcpp/memory_strategy.hpp:25[m[K,
[2.655s]                  from [01m[K/opt/ros/humble/include/rclcpp/rclcpp/memory_strategies.hpp:18[m[K,
[2.655s]                  from [01m[K/opt/ros/humble/include/rclcpp/rclcpp/executor_options.hpp:20[m[K,
[2.655s]                  from [01m[K/opt/ros/humble/include/rclcpp/rclcpp/executor.hpp:37[m[K,
[2.655s]                  from [01m[K/opt/ros/humble/include/rclcpp/rclcpp/executors/multi_threaded_executor.hpp:25[m[K,
[2.655s]                  from [01m[K/opt/ros/humble/include/rclcpp/rclcpp/executors.hpp:21[m[K,
[2.655s]                  from [01m[K/opt/ros/humble/include/rclcpp/rclcpp/rclcpp.hpp:155[m[K,
[2.655s]                  from [01m[K/home/parallels/arduinobot_ws/src/arduinobot_cpp_examples/src/simple_service_server.cpp:1[m[K:
[2.655s] [01m[K/home/parallels/arduinobot_ws/src/arduinobot_cpp_examples/src/simple_service_server.cpp:23:34:[m[K [01;31m[Kerror: [m[Kfound â€˜[01m[K:[m[Kâ€™ in nested-name-specifier, expected â€˜[01m[K::[m[Kâ€™
[2.655s]    23 |         RCLCPP_INFO_STREAM(rclcpp[01;31m[K:[m[Kget_logger("rclcpp"), "Returning sum: " << res->sum);
[2.655s]       |                                  [01;31m[K^[m[K
[2.655s] [01m[K/home/parallels/arduinobot_ws/src/arduinobot_cpp_examples/src/simple_service_server.cpp:23:34:[m[K [01;31m[Kerror: [m[Kfound â€˜[01m[K:[m[Kâ€™ in nested-name-specifier, expected â€˜[01m[K::[m[Kâ€™
[2.655s]    23 |         RCLCPP_INFO_STREAM(rclcpp[01;31m[K:[m[Kget_logger("rclcpp"), "Returning sum: " << res->sum);
[2.655s]       |                                  [01;31m[K^[m[K
[2.655s] [01m[K/home/parallels/arduinobot_ws/src/arduinobot_cpp_examples/src/simple_service_server.cpp:[m[K In function â€˜[01m[Kint main(int, char**)[m[Kâ€™:
[2.655s] [01m[K/home/parallels/arduinobot_ws/src/arduinobot_cpp_examples/src/simple_service_server.cpp:33:12:[m[K [01;31m[Kerror: [m[Kâ€˜[01m[Kshutdown[m[Kâ€™ was not declared in this scope; did you mean â€˜[01m[Krclcpp::shutdown[m[Kâ€™?
[2.655s]    33 |     rclcpp:[01;31m[Kshutdown[m[K();
[2.655s]       |            [01;31m[K^~~~~~~~[m[K
[2.655s]       |            [32m[Krclcpp::shutdown[m[K
[2.655s] In file included from [01m[K/opt/ros/humble/include/rclcpp/rclcpp/logging.hpp:25[m[K,
[2.655s]                  from [01m[K/opt/ros/humble/include/rclcpp/rclcpp/client.hpp:40[m[K,
[2.655s]                  from [01m[K/opt/ros/humble/include/rclcpp/rclcpp/callback_group.hpp:24[m[K,
[2.655s]                  from [01m[K/opt/ros/humble/include/rclcpp/rclcpp/any_executable.hpp:20[m[K,
[2.655s]                  from [01m[K/opt/ros/humble/include/rclcpp/rclcpp/memory_strategy.hpp:25[m[K,
[2.655s]                  from [01m[K/opt/ros/humble/include/rclcpp/rclcpp/memory_strategies.hpp:18[m[K,
[2.656s]                  from [01m[K/opt/ros/humble/include/rclcpp/rclcpp/executor_options.hpp:20[m[K,
[2.656s]                  from [01m[K/opt/ros/humble/include/rclcpp/rclcpp/executor.hpp:37[m[K,
[2.656s]                  from [01m[K/opt/ros/humble/include/rclcpp/rclcpp/executors/multi_threaded_executor.hpp:25[m[K,
[2.656s]                  from [01m[K/opt/ros/humble/include/rclcpp/rclcpp/executors.hpp:21[m[K,
[2.656s]                  from [01m[K/opt/ros/humble/include/rclcpp/rclcpp/rclcpp.hpp:155[m[K,
[2.656s]                  from [01m[K/home/parallels/arduinobot_ws/src/arduinobot_cpp_examples/src/simple_service_server.cpp:1[m[K:
[2.656s] [01m[K/opt/ros/humble/include/rclcpp/rclcpp/utilities.hpp:194:1:[m[K [01;36m[Knote: [m[Kâ€˜[01m[Krclcpp::shutdown[m[Kâ€™ declared here
[2.656s]   194 | [01;36m[Kshutdown[m[K(
[2.656s]       | [01;36m[K^~~~~~~~[m[K
[2.656s] [01m[K/home/parallels/arduinobot_ws/src/arduinobot_cpp_examples/src/simple_service_server.cpp:33:5:[m[K [01;35m[Kwarning: [m[Klabel â€˜[01m[Krclcpp[m[Kâ€™ defined but not used [[01;35m[K]8;;https://gcc.gnu.org/onlinedocs/gcc/Warning-Options.html#index-Wunused-label-Wunused-label]8;;[m[K]
[2.656s]    33 |     [01;35m[Krclcpp[m[K:shutdown();
[2.656s]       |     [01;35m[K^~~~~~[m[K
[3.104s] gmake[2]: *** [CMakeFiles/simple_service_server.dir/build.make:76: CMakeFiles/simple_service_server.dir/src/simple_service_server.cpp.o] Error 1
[3.105s] gmake[1]: *** [CMakeFiles/Makefile2:221: CMakeFiles/simple_service_server.dir/all] Error 2
[3.105s] gmake: *** [Makefile:146: all] Error 2
[3.107s] Invoked command in '/home/parallels/arduinobot_ws/build/arduinobot_cpp_examples' returned '2': AMENT_PREFIX_PATH=/home/parallels/arduinobot_ws/install/arduinobot_msgs:${AMENT_PREFIX_PATH} CMAKE_PREFIX_PATH=/home/parallels/arduinobot_ws/install/arduinobot_msgs:/home/parallels/ros2_ws/install/vision_opencv:/home/parallels/ros2_ws/install/image_geometry:/home/parallels/ros2_ws/install/cv_bridge:/home/parallels/test_ws/install/turtlesim:/home/parallels/test_ws/install/my_package:/home/parallels/ros2_ws/install/opencv_tests:/home/parallels/ros2_ws/install/my_robot_controller:/opt/ros/humble LD_LIBRARY_PATH=/home/parallels/arduinobot_ws/install/arduinobot_msgs/lib:${LD_LIBRARY_PATH} PYTHONPATH=/home/parallels/arduinobot_ws/install/arduinobot_msgs/local/lib/python3.10/dist-packages:${PYTHONPATH} /usr/bin/cmake --build /home/parallels/arduinobot_ws/build/arduinobot_cpp_examples -- -j4 -l4
