-- Found ament_cmake: 1.3.10 (/opt/ros/humble/share/ament_cmake/cmake)
-- Override CMake install command with custom implementation using symlinks instead of copying resources
-- Found rclcpp: 16.0.10 (/opt/ros/humble/share/rclcpp/cmake)
-- Found rosidl_generator_c: 3.1.5 (/opt/ros/humble/share/rosidl_generator_c/cmake)
-- Found rosidl_adapter: 3.1.5 (/opt/ros/humble/share/rosidl_adapter/cmake)
-- Found rosidl_generator_cpp: 3.1.5 (/opt/ros/humble/share/rosidl_generator_cpp/cmake)
-- Using all available rosidl_typesupport_c: rosidl_typesupport_fastrtps_c;rosidl_typesupport_introspection_c
-- Using all available rosidl_typesupport_cpp: rosidl_typesupport_fastrtps_cpp;rosidl_typesupport_introspection_cpp
-- Found rmw_implementation_cmake: 6.1.2 (/opt/ros/humble/share/rmw_implementation_cmake/cmake)
-- Found rmw_fastrtps_cpp: 6.2.7 (/opt/ros/humble/share/rmw_fastrtps_cpp/cmake)
-- Using RMW implementation 'rmw_fastrtps_cpp' as default
-- Found arduinobot_msgs: 0.0.0 (/home/parallels/arduinobot_ws/install/arduinobot_msgs/share/arduinobot_msgs/cmake)
-- Found rclcpp_components: 16.0.10 (/opt/ros/humble/share/rclcpp_components/cmake)
-- Found rclcpp_action: 16.0.10 (/opt/ros/humble/share/rclcpp_action/cmake)
-- Found moveit_ros_planning_interface: 2.5.5 (/opt/ros/humble/share/moveit_ros_planning_interface/cmake)
-- Found Boost: /usr/lib/aarch64-linux-gnu/cmake/Boost-1.74.0/BoostConfig.cmake (found version "1.74.0") found components: date_time filesystem program_options system thread 
-- Found Boost: /usr/lib/aarch64-linux-gnu/cmake/Boost-1.74.0/BoostConfig.cmake (found version "1.74.0") found components: chrono date_time filesystem iostreams program_options regex serialization system thread 
-- Found parameter_traits: 0.3.8 (/opt/ros/humble/share/parameter_traits/cmake)
-- Found rclcpp_lifecycle: 16.0.10 (/opt/ros/humble/share/rclcpp_lifecycle/cmake)
-- Found Boost: /usr/lib/aarch64-linux-gnu/cmake/Boost-1.74.0/BoostConfig.cmake (found version "1.74.0") found components: filesystem 
-- library: /usr/lib/aarch64-linux-gnu/libcurl.so
-- Found Eigen3: TRUE (found version "3.4.0") 
-- Ensuring Eigen3 include directory is part of orocos-kdl CMake target
-- Found Boost: /usr/lib/aarch64-linux-gnu/cmake/Boost-1.74.0/BoostConfig.cmake (found version "1.74.0") found components: system filesystem date_time program_options thread chrono 
-- Found Boost: /usr/lib/aarch64-linux-gnu/cmake/Boost-1.74.0/BoostConfig.cmake (found version "1.74.0") found components: thread system filesystem regex date_time program_options 
-- Found Boost: /usr/lib/aarch64-linux-gnu/cmake/Boost-1.74.0/BoostConfig.cmake (found version "1.74.0") found components: system filesystem date_time program_options thread 
-- Found ament_lint_auto: 0.12.11 (/opt/ros/humble/share/ament_lint_auto/cmake)
-- Added test 'cppcheck' to perform static code analysis on C / C++ code
-- Configured cppcheck include dirs: $<BUILD_INTERFACE:/home/parallels/arduinobot_ws/src/arduinobot_cpp_examples/include>
-- Configured cppcheck exclude dirs and/or files: 
-- Added test 'lint_cmake' to check CMake code style
-- Added test 'uncrustify' to check C / C++ code style
-- Configured uncrustify additional arguments: 
-- Added test 'xmllint' to check XML markup files
-- Configuring done
-- Generating done
-- Build files have been written to: /home/parallels/arduinobot_ws/build/arduinobot_cpp_examples
[35m[1mConsolidate compiler generated dependencies of target simple_publisher[0m
[35m[1mConsolidate compiler generated dependencies of target simple_subscriber[0m
[35m[1mConsolidate compiler generated dependencies of target simple_service_server[0m
[35m[1mConsolidate compiler generated dependencies of target simple_parameter[0m
[35m[1mConsolidate compiler generated dependencies of target simple_service_client[0m
[ 10%] Built target simple_publisher
[ 30%] Built target simple_parameter
[ 30%] Built target simple_subscriber
[ 40%] Built target simple_service_server
[ 50%] Built target simple_service_client
[ 55%] [32mBuilding CXX object CMakeFiles/simple_moveit_interface.dir/src/simple_moveit_interface.cpp.o[0m
[35m[1mConsolidate compiler generated dependencies of target simple_action_client[0m
[35m[1mConsolidate compiler generated dependencies of target simple_action_client_node[0m
[35m[1mConsolidate compiler generated dependencies of target simple_action_server[0m
[35m[1mConsolidate compiler generated dependencies of target simple_action_server_node[0m
[ 65%] Built target simple_action_client
[ 75%] Built target simple_action_client_node
[ 95%] Built target simple_action_server
[ 95%] Built target simple_action_server_node
[01m[K/home/parallels/arduinobot_ws/src/arduinobot_cpp_examples/src/simple_moveit_interface.cpp:[m[K In function â€˜[01m[Kvoid move_robot(std::shared_ptr<rclcpp::Node>)[m[Kâ€™:
[01m[K/home/parallels/arduinobot_ws/src/arduinobot_cpp_examples/src/simple_moveit_interface.cpp:17:30:[m[K [01;31m[Kerror: [m[Kâ€˜[01m[Kripper_within_bounds[m[Kâ€™ was not declared in this scope; did you mean â€˜[01m[Kgripper_within_bounds[m[Kâ€™?
   17 |     if(!arm_within_bounds | ![01;31m[Kripper_within_bounds[m[K)
      |                              [01;31m[K^~~~~~~~~~~~~~~~~~~~[m[K
      |                              [32m[Kgripper_within_bounds[m[K
[01m[K/home/parallels/arduinobot_ws/src/arduinobot_cpp_examples/src/simple_moveit_interface.cpp:26:48:[m[K [01;31m[Kerror: [m[Kno matching function for call to â€˜[01m[Kmoveit::planning_interface::MoveGroupInterface::plan()[m[Kâ€™
   26 |     bool arm_plan_success = [01;31m[Karm_move_group.plan( )[m[K == moveit::core::MoveItErrorCode::SUCCESS;
      |                             [01;31m[K~~~~~~~~~~~~~~~~~~~^~~[m[K
In file included from [01m[K/home/parallels/arduinobot_ws/src/arduinobot_cpp_examples/src/simple_moveit_interface.cpp:2[m[K:
[01m[K/opt/ros/humble/include/moveit/move_group_interface/move_group_interface.h:720:33:[m[K [01;36m[Knote: [m[Kcandidate: â€˜[01m[Kmoveit::core::MoveItErrorCode moveit::planning_interface::MoveGroupInterface::plan(moveit::planning_interface::MoveGroupInterface::Plan&)[m[Kâ€™
  720 |   moveit::core::MoveItErrorCode [01;36m[Kplan[m[K(Plan& plan);
      |                                 [01;36m[K^~~~[m[K
[01m[K/opt/ros/humble/include/moveit/move_group_interface/move_group_interface.h:720:33:[m[K [01;36m[Knote: [m[K  candidate expects 1 argument, 0 provided
[01m[K/home/parallels/arduinobot_ws/src/arduinobot_cpp_examples/src/simple_moveit_interface.cpp:15:10:[m[K [01;35m[Kwarning: [m[Kunused variable â€˜[01m[Kgripper_within_bounds[m[Kâ€™ [[01;35m[K]8;;https://gcc.gnu.org/onlinedocs/gcc/Warning-Options.html#index-Wunused-variable-Wunused-variable]8;;[m[K]
   15 |     bool [01;35m[Kgripper_within_bounds[m[K = gripper_move_group.setJointValueTarget(gripper_joint_goal);
      |          [01;35m[K^~~~~~~~~~~~~~~~~~~~~[m[K
gmake[2]: *** [CMakeFiles/simple_moveit_interface.dir/build.make:76: CMakeFiles/simple_moveit_interface.dir/src/simple_moveit_interface.cpp.o] Error 1
gmake[1]: *** [CMakeFiles/Makefile2:285: CMakeFiles/simple_moveit_interface.dir/all] Error 2
gmake: *** [Makefile:146: all] Error 2
