[0.013s] Invoking command in '/home/parallels/arduinobot_ws/build/arduinobot_cpp_examples': AMENT_PREFIX_PATH=/home/parallels/arduinobot_ws/install/arduinobot_msgs:${AMENT_PREFIX_PATH} CMAKE_PREFIX_PATH=/home/parallels/arduinobot_ws/install/arduinobot_msgs:/home/parallels/ros2_ws/install/vision_opencv:/home/parallels/ros2_ws/install/image_geometry:/home/parallels/ros2_ws/install/cv_bridge:/home/parallels/test_ws/install/turtlesim:/home/parallels/test_ws/install/my_package:/home/parallels/ros2_ws/install/opencv_tests:/home/parallels/ros2_ws/install/my_robot_controller:/opt/ros/humble LD_LIBRARY_PATH=/home/parallels/arduinobot_ws/install/arduinobot_msgs/lib:${LD_LIBRARY_PATH} PYTHONPATH=/home/parallels/arduinobot_ws/install/arduinobot_msgs/local/lib/python3.10/dist-packages:${PYTHONPATH} /usr/bin/cmake --build /home/parallels/arduinobot_ws/build/arduinobot_cpp_examples -- -j6 -l6
[0.193s] -- Found ament_cmake: 1.3.10 (/opt/ros/humble/share/ament_cmake/cmake)
[0.193s] -- Override CMake install command with custom implementation using symlinks instead of copying resources
[0.193s] -- Found rclcpp: 16.0.10 (/opt/ros/humble/share/rclcpp/cmake)
[0.194s] -- Found rosidl_generator_c: 3.1.5 (/opt/ros/humble/share/rosidl_generator_c/cmake)
[0.194s] -- Found rosidl_adapter: 3.1.5 (/opt/ros/humble/share/rosidl_adapter/cmake)
[0.194s] -- Found rosidl_generator_cpp: 3.1.5 (/opt/ros/humble/share/rosidl_generator_cpp/cmake)
[0.194s] -- Using all available rosidl_typesupport_c: rosidl_typesupport_fastrtps_c;rosidl_typesupport_introspection_c
[0.194s] -- Using all available rosidl_typesupport_cpp: rosidl_typesupport_fastrtps_cpp;rosidl_typesupport_introspection_cpp
[0.205s] -- Found rmw_implementation_cmake: 6.1.2 (/opt/ros/humble/share/rmw_implementation_cmake/cmake)
[0.206s] -- Found rmw_fastrtps_cpp: 6.2.7 (/opt/ros/humble/share/rmw_fastrtps_cpp/cmake)
[0.305s] -- Using RMW implementation 'rmw_fastrtps_cpp' as default
[0.350s] -- Found arduinobot_msgs: 0.0.0 (/home/parallels/arduinobot_ws/install/arduinobot_msgs/share/arduinobot_msgs/cmake)
[0.385s] -- Found rclcpp_components: 16.0.10 (/opt/ros/humble/share/rclcpp_components/cmake)
[0.402s] -- Found rclcpp_action: 16.0.10 (/opt/ros/humble/share/rclcpp_action/cmake)
[0.412s] -- Found moveit_ros_planning_interface: 2.5.5 (/opt/ros/humble/share/moveit_ros_planning_interface/cmake)
[0.448s] -- Found Boost: /usr/lib/aarch64-linux-gnu/cmake/Boost-1.74.0/BoostConfig.cmake (found version "1.74.0") found components: date_time filesystem program_options system thread 
[0.636s] -- Found Boost: /usr/lib/aarch64-linux-gnu/cmake/Boost-1.74.0/BoostConfig.cmake (found version "1.74.0") found components: chrono date_time filesystem iostreams program_options regex serialization system thread 
[0.655s] -- Found parameter_traits: 0.3.8 (/opt/ros/humble/share/parameter_traits/cmake)
[0.679s] -- Found rclcpp_lifecycle: 16.0.10 (/opt/ros/humble/share/rclcpp_lifecycle/cmake)
[0.710s] -- Found Boost: /usr/lib/aarch64-linux-gnu/cmake/Boost-1.74.0/BoostConfig.cmake (found version "1.74.0") found components: filesystem 
[0.779s] -- library: /usr/lib/aarch64-linux-gnu/libcurl.so
[0.818s] -- Found Eigen3: TRUE (found version "3.4.0") 
[0.818s] -- Ensuring Eigen3 include directory is part of orocos-kdl CMake target
[0.946s] -- Found Boost: /usr/lib/aarch64-linux-gnu/cmake/Boost-1.74.0/BoostConfig.cmake (found version "1.74.0") found components: system filesystem date_time program_options thread chrono 
[0.983s] -- Found Boost: /usr/lib/aarch64-linux-gnu/cmake/Boost-1.74.0/BoostConfig.cmake (found version "1.74.0") found components: thread system filesystem regex date_time program_options 
[1.008s] -- Found Boost: /usr/lib/aarch64-linux-gnu/cmake/Boost-1.74.0/BoostConfig.cmake (found version "1.74.0") found components: system filesystem date_time program_options thread 
[1.050s] -- Found ament_lint_auto: 0.12.11 (/opt/ros/humble/share/ament_lint_auto/cmake)
[1.104s] -- Added test 'cppcheck' to perform static code analysis on C / C++ code
[1.104s] -- Configured cppcheck include dirs: $<BUILD_INTERFACE:/home/parallels/arduinobot_ws/src/arduinobot_cpp_examples/include>
[1.104s] -- Configured cppcheck exclude dirs and/or files: 
[1.105s] -- Added test 'lint_cmake' to check CMake code style
[1.105s] -- Added test 'uncrustify' to check C / C++ code style
[1.105s] -- Configured uncrustify additional arguments: 
[1.106s] -- Added test 'xmllint' to check XML markup files
[1.106s] -- Configuring done
[1.167s] -- Generating done
[1.169s] -- Build files have been written to: /home/parallels/arduinobot_ws/build/arduinobot_cpp_examples
[1.190s] [35m[1mConsolidate compiler generated dependencies of target simple_publisher[0m
[1.190s] [35m[1mConsolidate compiler generated dependencies of target simple_subscriber[0m
[1.190s] [35m[1mConsolidate compiler generated dependencies of target simple_service_server[0m
[1.192s] [35m[1mConsolidate compiler generated dependencies of target simple_parameter[0m
[1.197s] [35m[1mConsolidate compiler generated dependencies of target simple_service_client[0m
[1.205s] [ 10%] Built target simple_publisher
[1.207s] [ 30%] Built target simple_parameter
[1.207s] [ 30%] Built target simple_subscriber
[1.208s] [ 40%] Built target simple_service_server
[1.214s] [ 50%] Built target simple_service_client
[1.216s] [ 55%] [32mBuilding CXX object CMakeFiles/simple_moveit_interface.dir/src/simple_moveit_interface.cpp.o[0m
[1.217s] [35m[1mConsolidate compiler generated dependencies of target simple_action_client[0m
[1.217s] [35m[1mConsolidate compiler generated dependencies of target simple_action_client_node[0m
[1.221s] [35m[1mConsolidate compiler generated dependencies of target simple_action_server[0m
[1.222s] [35m[1mConsolidate compiler generated dependencies of target simple_action_server_node[0m
[1.234s] [ 65%] Built target simple_action_client
[1.234s] [ 75%] Built target simple_action_client_node
[1.239s] [ 95%] Built target simple_action_server
[1.239s] [ 95%] Built target simple_action_server_node
[4.694s] [01m[K/home/parallels/arduinobot_ws/src/arduinobot_cpp_examples/src/simple_moveit_interface.cpp:[m[K In function â€˜[01m[Kvoid move_robot(std::shared_ptr<rclcpp::Node>)[m[Kâ€™:
[4.694s] [01m[K/home/parallels/arduinobot_ws/src/arduinobot_cpp_examples/src/simple_moveit_interface.cpp:17:30:[m[K [01;31m[Kerror: [m[Kâ€˜[01m[Kripper_within_bounds[m[Kâ€™ was not declared in this scope; did you mean â€˜[01m[Kgripper_within_bounds[m[Kâ€™?
[4.694s]    17 |     if(!arm_within_bounds | ![01;31m[Kripper_within_bounds[m[K)
[4.694s]       |                              [01;31m[K^~~~~~~~~~~~~~~~~~~~[m[K
[4.695s]       |                              [32m[Kgripper_within_bounds[m[K
[4.695s] [01m[K/home/parallels/arduinobot_ws/src/arduinobot_cpp_examples/src/simple_moveit_interface.cpp:26:48:[m[K [01;31m[Kerror: [m[Kno matching function for call to â€˜[01m[Kmoveit::planning_interface::MoveGroupInterface::plan()[m[Kâ€™
[4.695s]    26 |     bool arm_plan_success = [01;31m[Karm_move_group.plan( )[m[K == moveit::core::MoveItErrorCode::SUCCESS;
[4.695s]       |                             [01;31m[K~~~~~~~~~~~~~~~~~~~^~~[m[K
[4.695s] In file included from [01m[K/home/parallels/arduinobot_ws/src/arduinobot_cpp_examples/src/simple_moveit_interface.cpp:2[m[K:
[4.695s] [01m[K/opt/ros/humble/include/moveit/move_group_interface/move_group_interface.h:720:33:[m[K [01;36m[Knote: [m[Kcandidate: â€˜[01m[Kmoveit::core::MoveItErrorCode moveit::planning_interface::MoveGroupInterface::plan(moveit::planning_interface::MoveGroupInterface::Plan&)[m[Kâ€™
[4.695s]   720 |   moveit::core::MoveItErrorCode [01;36m[Kplan[m[K(Plan& plan);
[4.695s]       |                                 [01;36m[K^~~~[m[K
[4.695s] [01m[K/opt/ros/humble/include/moveit/move_group_interface/move_group_interface.h:720:33:[m[K [01;36m[Knote: [m[K  candidate expects 1 argument, 0 provided
[4.695s] [01m[K/home/parallels/arduinobot_ws/src/arduinobot_cpp_examples/src/simple_moveit_interface.cpp:15:10:[m[K [01;35m[Kwarning: [m[Kunused variable â€˜[01m[Kgripper_within_bounds[m[Kâ€™ [[01;35m[K]8;;https://gcc.gnu.org/onlinedocs/gcc/Warning-Options.html#index-Wunused-variable-Wunused-variable]8;;[m[K]
[4.695s]    15 |     bool [01;35m[Kgripper_within_bounds[m[K = gripper_move_group.setJointValueTarget(gripper_joint_goal);
[4.695s]       |          [01;35m[K^~~~~~~~~~~~~~~~~~~~~[m[K
[6.511s] gmake[2]: *** [CMakeFiles/simple_moveit_interface.dir/build.make:76: CMakeFiles/simple_moveit_interface.dir/src/simple_moveit_interface.cpp.o] Error 1
[6.511s] gmake[1]: *** [CMakeFiles/Makefile2:285: CMakeFiles/simple_moveit_interface.dir/all] Error 2
[6.511s] gmake: *** [Makefile:146: all] Error 2
[6.512s] Invoked command in '/home/parallels/arduinobot_ws/build/arduinobot_cpp_examples' returned '2': AMENT_PREFIX_PATH=/home/parallels/arduinobot_ws/install/arduinobot_msgs:${AMENT_PREFIX_PATH} CMAKE_PREFIX_PATH=/home/parallels/arduinobot_ws/install/arduinobot_msgs:/home/parallels/ros2_ws/install/vision_opencv:/home/parallels/ros2_ws/install/image_geometry:/home/parallels/ros2_ws/install/cv_bridge:/home/parallels/test_ws/install/turtlesim:/home/parallels/test_ws/install/my_package:/home/parallels/ros2_ws/install/opencv_tests:/home/parallels/ros2_ws/install/my_robot_controller:/opt/ros/humble LD_LIBRARY_PATH=/home/parallels/arduinobot_ws/install/arduinobot_msgs/lib:${LD_LIBRARY_PATH} PYTHONPATH=/home/parallels/arduinobot_ws/install/arduinobot_msgs/local/lib/python3.10/dist-packages:${PYTHONPATH} /usr/bin/cmake --build /home/parallels/arduinobot_ws/build/arduinobot_cpp_examples -- -j6 -l6
