[0.029s] Invoking command in '/home/parallels/arduinobot_ws/build/arduinobot_description': /usr/bin/cmake --build /home/parallels/arduinobot_ws/build/arduinobot_description -- -j2 -l2
[0.204s] -- Found ament_cmake: 1.3.9 (/opt/ros/humble/share/ament_cmake/cmake)
[0.410s] -- Override CMake install command with custom implementation using symlinks instead of copying resources
[0.475s] -- Found urdf: 2.6.0 (/opt/ros/humble/share/urdf/cmake)
[0.639s] -- Found ament_lint_auto: 0.12.11 (/opt/ros/humble/share/ament_lint_auto/cmake)
[0.687s] Error parsing '/home/parallels/arduinobot_ws/src/arduinobot_description/package.xml':
[0.773s] Traceback (most recent call last):
[0.773s]   File "/opt/ros/humble/share/ament_cmake_core/cmake/core/package_xml_2_cmake.py", line 150, in <module>
[0.773s]     main()
[0.773s]   File "/opt/ros/humble/share/ament_cmake_core/cmake/core/package_xml_2_cmake.py", line 53, in main
[0.773s]     raise e
[0.773s]   File "/opt/ros/humble/share/ament_cmake_core/cmake/core/package_xml_2_cmake.py", line 49, in main
[0.773s]     package = parse_package_string(
[0.774s]   File "/usr/lib/python3/dist-packages/catkin_pkg/package.py", line 786, in parse_package_string
[0.780s]     raise InvalidPackage('Error(s):%s' % (''.join(['\n- %s' % e for e in errors])), filename)
[0.780s] catkin_pkg.package.InvalidPackage: Error(s) in package '/home/parallels/arduinobot_ws/src/arduinobot_description/package.xml':
[0.780s] Error(s):
[0.780s] - The generic dependency on 'ros_gz_sim' is redundant with: exec_depend
[0.813s] [31mCMake Error at /opt/ros/humble/share/ament_cmake_core/cmake/core/ament_package_xml.cmake:95 (message):
[0.814s]   execute_process(/usr/bin/python3
[0.814s]   /opt/ros/humble/share/ament_cmake_core/cmake/core/package_xml_2_cmake.py
[0.815s]   /home/parallels/arduinobot_ws/src/arduinobot_description/package.xml
[0.815s]   /home/parallels/arduinobot_ws/build/arduinobot_description/ament_cmake_core/package.cmake)
[0.815s]   returned error code 1
[0.816s] Call Stack (most recent call first):
[0.816s]   /opt/ros/humble/share/ament_cmake_core/cmake/core/ament_package_xml.cmake:49 (_ament_package_xml)
[0.816s]   /opt/ros/humble/share/ament_lint_auto/cmake/ament_lint_auto_find_test_dependencies.cmake:31 (ament_package_xml)
[0.817s]   CMakeLists.txt:21 (ament_lint_auto_find_test_dependencies)
[0.817s] 
[0.817s] [0m
[0.818s] -- Configuring incomplete, errors occurred!
[0.818s] See also "/home/parallels/arduinobot_ws/build/arduinobot_description/CMakeFiles/CMakeOutput.log".
[0.825s] gmake: *** [Makefile:226: cmake_check_build_system] Error 1
[0.871s] Invoked command in '/home/parallels/arduinobot_ws/build/arduinobot_description' returned '2': /usr/bin/cmake --build /home/parallels/arduinobot_ws/build/arduinobot_description -- -j2 -l2
