[0.014s] Invoking command in '/home/parallels/arduinobot_ws/build/arduinobot_cpp_examples': AMENT_PREFIX_PATH=/home/parallels/arduinobot_ws/install/arduinobot_msgs:${AMENT_PREFIX_PATH} CMAKE_PREFIX_PATH=/home/parallels/arduinobot_ws/install/arduinobot_msgs:/home/parallels/ros2_ws/install/vision_opencv:/home/parallels/ros2_ws/install/image_geometry:/home/parallels/ros2_ws/install/cv_bridge:/home/parallels/test_ws/install/turtlesim:/home/parallels/test_ws/install/my_package:/home/parallels/ros2_ws/install/opencv_tests:/home/parallels/ros2_ws/install/my_robot_controller:/opt/ros/humble LD_LIBRARY_PATH=/home/parallels/arduinobot_ws/install/arduinobot_msgs/lib:${LD_LIBRARY_PATH} PYTHONPATH=/home/parallels/arduinobot_ws/install/arduinobot_msgs/local/lib/python3.10/dist-packages:${PYTHONPATH} /usr/bin/cmake --build /home/parallels/arduinobot_ws/build/arduinobot_cpp_examples -- -j6 -l6
[0.205s] [ 11%] Built target simple_service_server
[0.205s] [ 27%] Built target simple_parameter
[0.205s] [ 33%] Built target simple_publisher
[0.205s] [ 44%] Built target simple_action_server
[0.205s] [ 55%] Built target simple_service_client
[0.205s] [ 66%] Built target simple_subscriber
[0.205s] [35m[1mConsolidate compiler generated dependencies of target simple_action_client[0m
[0.205s] [ 77%] Built target simple_action_server_node
[0.206s] [ 88%] Built target simple_action_client_node
[0.206s] [ 94%] [32mBuilding CXX object CMakeFiles/simple_action_client.dir/src/simple_action_client.cpp.o[0m
[1.724s] [01m[K/home/parallels/arduinobot_ws/src/arduinobot_cpp_examples/src/simple_action_client.cpp:[m[K In member function â€˜[01m[Kvoid arduinobot_cpp_examples::SimpleActionClient::timerCallback()[m[Kâ€™:
[1.724s] [01m[K/home/parallels/arduinobot_ws/src/arduinobot_cpp_examples/src/simple_action_client.cpp:41:78:[m[K [01;31m[Kerror: [m[Kâ€˜[01m[KfeedbackCallback[m[Kâ€™ is not a member of â€˜[01m[Karduinobot_cpp_examples::SimpleActionClient[m[Kâ€™
[1.724s]    41 |         send_goal_options.feedback_callback = std::bind(&SimpleActionClient::[01;31m[KfeedbackCallback[m[K, this, _1, _2);
[1.724s]       |                                                                              [01;31m[K^~~~~~~~~~~~~~~~[m[K
[1.724s] [01m[K/home/parallels/arduinobot_ws/src/arduinobot_cpp_examples/src/simple_action_client.cpp:42:76:[m[K [01;31m[Kerror: [m[Kâ€˜[01m[KresultCallback[m[Kâ€™ is not a member of â€˜[01m[Karduinobot_cpp_examples::SimpleActionClient[m[Kâ€™
[1.724s]    42 |         send_goal_options.result_callback = std::bind(&SimpleActionClient::[01;31m[KresultCallback[m[K, this, _1);
[1.725s]       |                                                                            [01;31m[K^~~~~~~~~~~~~~[m[K
[1.731s] [01m[K/home/parallels/arduinobot_ws/src/arduinobot_cpp_examples/src/simple_action_client.cpp:44:44:[m[K [01;31m[Kerror: [m[Kâ€˜[01m[Kend_goal_options[m[Kâ€™ was not declared in this scope; did you mean â€˜[01m[Ksend_goal_options[m[Kâ€™?
[1.731s]    44 |         client_->async_send_goal(goal_msg, [01;31m[Kend_goal_options[m[K);
[1.731s]       |                                            [01;31m[K^~~~~~~~~~~~~~~~[m[K
[1.731s]       |                                            [32m[Ksend_goal_options[m[K
[1.736s] [01m[K/home/parallels/arduinobot_ws/src/arduinobot_cpp_examples/src/simple_action_client.cpp:[m[K In member function â€˜[01m[Kvoid arduinobot_cpp_examples::SimpleActionClient::feedback_callback(const SharedPtr&)[m[Kâ€™:
[1.736s] [01m[K/home/parallels/arduinobot_ws/src/arduinobot_cpp_examples/src/simple_action_client.cpp:72:23:[m[K [01;31m[Kerror: [m[Kâ€˜[01m[Kconst SharedPtr[m[Kâ€™ {aka â€˜[01m[Kconst class std::shared_ptr<rclcpp_action::ClientGoalHandle<arduinobot_msgs::action::Fibonacci> >[m[Kâ€™} has no member named â€˜[01m[Kcode[m[Kâ€™
[1.736s]    72 |         swtich(result.[01;31m[Kcode[m[K)
[1.736s]       |                       [01;31m[K^~~~[m[K
[1.742s] [01m[K/home/parallels/arduinobot_ws/src/arduinobot_cpp_examples/src/simple_action_client.cpp:72:9:[m[K [01;31m[Kerror: [m[Kâ€˜[01m[Kswtich[m[Kâ€™ was not declared in this scope
[1.742s]    72 |         [01;31m[Kswtich[m[K(result.code)
[1.743s]       |         [01;31m[K^~~~~~[m[K
[1.743s] [01m[K/home/parallels/arduinobot_ws/src/arduinobot_cpp_examples/src/simple_action_client.cpp:88:35:[m[K [01;31m[Kerror: [m[Kâ€˜[01m[Kusing element_type = class rclcpp_action::ClientGoalHandle<arduinobot_msgs::action::Fibonacci>[m[Kâ€™ {aka â€˜[01m[Kclass rclcpp_action::ClientGoalHandle<arduinobot_msgs::action::Fibonacci>[m[Kâ€™} has no member named â€˜[01m[Ksequence[m[Kâ€™
[1.743s]    88 |         for (auto number: result->[01;31m[Ksequence[m[K)
[1.743s]       |                                   [01;31m[K^~~~~~~~[m[K
[2.197s] gmake[2]: *** [CMakeFiles/simple_action_client.dir/build.make:76: CMakeFiles/simple_action_client.dir/src/simple_action_client.cpp.o] Error 1
[2.197s] gmake[1]: *** [CMakeFiles/Makefile2:335: CMakeFiles/simple_action_client.dir/all] Error 2
[2.197s] gmake: *** [Makefile:146: all] Error 2
[2.198s] Invoked command in '/home/parallels/arduinobot_ws/build/arduinobot_cpp_examples' returned '2': AMENT_PREFIX_PATH=/home/parallels/arduinobot_ws/install/arduinobot_msgs:${AMENT_PREFIX_PATH} CMAKE_PREFIX_PATH=/home/parallels/arduinobot_ws/install/arduinobot_msgs:/home/parallels/ros2_ws/install/vision_opencv:/home/parallels/ros2_ws/install/image_geometry:/home/parallels/ros2_ws/install/cv_bridge:/home/parallels/test_ws/install/turtlesim:/home/parallels/test_ws/install/my_package:/home/parallels/ros2_ws/install/opencv_tests:/home/parallels/ros2_ws/install/my_robot_controller:/opt/ros/humble LD_LIBRARY_PATH=/home/parallels/arduinobot_ws/install/arduinobot_msgs/lib:${LD_LIBRARY_PATH} PYTHONPATH=/home/parallels/arduinobot_ws/install/arduinobot_msgs/local/lib/python3.10/dist-packages:${PYTHONPATH} /usr/bin/cmake --build /home/parallels/arduinobot_ws/build/arduinobot_cpp_examples -- -j6 -l6
