[0.013s] Invoking command in '/home/parallels/arduinobot_ws/build/arduinobot_cpp_examples': AMENT_PREFIX_PATH=/home/parallels/arduinobot_ws/install/arduinobot_msgs:${AMENT_PREFIX_PATH} CMAKE_PREFIX_PATH=/home/parallels/arduinobot_ws/install/arduinobot_msgs:/home/parallels/ros2_ws/install/vision_opencv:/home/parallels/ros2_ws/install/image_geometry:/home/parallels/ros2_ws/install/cv_bridge:/home/parallels/test_ws/install/turtlesim:/home/parallels/test_ws/install/my_package:/home/parallels/ros2_ws/install/opencv_tests:/home/parallels/ros2_ws/install/my_robot_controller:/opt/ros/humble LD_LIBRARY_PATH=/home/parallels/arduinobot_ws/install/arduinobot_msgs/lib:${LD_LIBRARY_PATH} PYTHONPATH=/home/parallels/arduinobot_ws/install/arduinobot_msgs/local/lib/python3.10/dist-packages:${PYTHONPATH} /usr/bin/cmake --build /home/parallels/arduinobot_ws/build/arduinobot_cpp_examples -- -j6 -l6
[0.199s] [ 11%] Built target simple_publisher
[0.199s] [ 22%] Built target simple_subscriber
[0.199s] [ 33%] Built target simple_service_server
[0.199s] [ 44%] Built target simple_parameter
[0.199s] [ 55%] Built target simple_service_client
[0.199s] [ 66%] Built target simple_action_server
[0.199s] [35m[1mConsolidate compiler generated dependencies of target simple_action_client[0m
[0.199s] [ 77%] Built target simple_action_server_node
[0.199s] [ 88%] Built target simple_action_client_node
[0.200s] [ 94%] [32mBuilding CXX object CMakeFiles/simple_action_client.dir/src/simple_action_client.cpp.o[0m
[1.686s] [01m[K/home/parallels/arduinobot_ws/src/arduinobot_cpp_examples/src/simple_action_client.cpp:[m[K In member function â€˜[01m[Kvoid arduinobot_cpp_examples::SimpleActionClient::resultCallback(const rclcpp_action::ClientGoalHandle<arduinobot_msgs::action::Fibonacci>::WrappedResult&)[m[Kâ€™:
[1.686s] [01m[K/home/parallels/arduinobot_ws/src/arduinobot_cpp_examples/src/simple_action_client.cpp:73:9:[m[K [01;31m[Kerror: [m[Kâ€˜[01m[Kswtich[m[Kâ€™ was not declared in this scope
[1.687s]    73 |         [01;31m[Kswtich[m[K(result.code)
[1.687s]       |         [01;31m[K^~~~~~[m[K
[1.687s] [01m[K/home/parallels/arduinobot_ws/src/arduinobot_cpp_examples/src/simple_action_client.cpp:89:33:[m[K [01;31m[Kerror: [m[Kbase operand of â€˜[01m[K->[m[Kâ€™ has non-pointer type â€˜[01m[Kconst rclcpp_action::ClientGoalHandle<arduinobot_msgs::action::Fibonacci>::WrappedResult[m[Kâ€™
[1.687s]    89 |         for (auto number: result[01;31m[K->[m[Ksequence)
[1.687s]       |                                 [01;31m[K^~[m[K
[2.217s] gmake[2]: *** [CMakeFiles/simple_action_client.dir/build.make:76: CMakeFiles/simple_action_client.dir/src/simple_action_client.cpp.o] Error 1
[2.217s] gmake[1]: *** [CMakeFiles/Makefile2:335: CMakeFiles/simple_action_client.dir/all] Error 2
[2.217s] gmake: *** [Makefile:146: all] Error 2
[2.219s] Invoked command in '/home/parallels/arduinobot_ws/build/arduinobot_cpp_examples' returned '2': AMENT_PREFIX_PATH=/home/parallels/arduinobot_ws/install/arduinobot_msgs:${AMENT_PREFIX_PATH} CMAKE_PREFIX_PATH=/home/parallels/arduinobot_ws/install/arduinobot_msgs:/home/parallels/ros2_ws/install/vision_opencv:/home/parallels/ros2_ws/install/image_geometry:/home/parallels/ros2_ws/install/cv_bridge:/home/parallels/test_ws/install/turtlesim:/home/parallels/test_ws/install/my_package:/home/parallels/ros2_ws/install/opencv_tests:/home/parallels/ros2_ws/install/my_robot_controller:/opt/ros/humble LD_LIBRARY_PATH=/home/parallels/arduinobot_ws/install/arduinobot_msgs/lib:${LD_LIBRARY_PATH} PYTHONPATH=/home/parallels/arduinobot_ws/install/arduinobot_msgs/local/lib/python3.10/dist-packages:${PYTHONPATH} /usr/bin/cmake --build /home/parallels/arduinobot_ws/build/arduinobot_cpp_examples -- -j6 -l6
