[35m[1mConsolidate compiler generated dependencies of target angle_conversion[0m
[  0%] Built target ament_cmake_python_copy_arduinobot_utils
[ 50%] [32mBuilding CXX object CMakeFiles/angle_conversion.dir/src/angle_conversion.cpp.o[0m
running egg_info
writing arduinobot_utils.egg-info/PKG-INFO
writing dependency_links to arduinobot_utils.egg-info/dependency_links.txt
writing top-level names to arduinobot_utils.egg-info/top_level.txt
reading manifest file 'arduinobot_utils.egg-info/SOURCES.txt'
writing manifest file 'arduinobot_utils.egg-info/SOURCES.txt'
[ 50%] Built target ament_cmake_python_build_arduinobot_utils_egg
[01m[K/home/parallels/arduinobot_ws/src/arduinobot_utils/src/angle_conversion.cpp:[m[K In constructor â€˜[01m[KAnglesConverter::AnglesConverter()[m[Kâ€™:
[01m[K/home/parallels/arduinobot_ws/src/arduinobot_utils/src/angle_conversion.cpp:13:122:[m[K [01;31m[Kerror: [m[Kâ€˜[01m[KSimpleServiceServer[m[Kâ€™ has not been declared
   13 |         euler_to_quaternion_ = create_service<arduinobot_msgs::srv::EulerToQuaternion>("quaternion_to_euler", std::bind(&[01;31m[KSimpleServiceServer[m[K::eulerToQuaternionCallback, this, _1,_2));
      |                                                                                                                          [01;31m[K^~~~~~~~~~~~~~~~~~~[m[K
[01m[K/home/parallels/arduinobot_ws/src/arduinobot_utils/src/angle_conversion.cpp:14:122:[m[K [01;31m[Kerror: [m[Kâ€˜[01m[KSimpleServiceServer[m[Kâ€™ has not been declared
   14 |         quaternion_to_euler_ = create_service<arduinobot_msgs::srv::QuaternionToEuler>("euler_to_quaternion", std::bind(&[01;31m[KSimpleServiceServer[m[K::quaternionToEulerCallback, this, _1,_2));
      |                                                                                                                          [01;31m[K^~~~~~~~~~~~~~~~~~~[m[K
gmake[2]: *** [CMakeFiles/angle_conversion.dir/build.make:76: CMakeFiles/angle_conversion.dir/src/angle_conversion.cpp.o] Error 1
gmake[1]: *** [CMakeFiles/Makefile2:140: CMakeFiles/angle_conversion.dir/all] Error 2
gmake: *** [Makefile:146: all] Error 2
