-- Found ament_cmake: 1.3.9 (/opt/ros/humble/share/ament_cmake/cmake)
-- Found rclpy: 3.3.13 (/opt/ros/humble/share/rclpy/cmake)
-- Found rclcpp: 16.0.9 (/opt/ros/humble/share/rclcpp/cmake)
-- Found rosidl_generator_c: 3.1.5 (/opt/ros/humble/share/rosidl_generator_c/cmake)
-- Found rosidl_adapter: 3.1.5 (/opt/ros/humble/share/rosidl_adapter/cmake)
-- Found rosidl_generator_cpp: 3.1.5 (/opt/ros/humble/share/rosidl_generator_cpp/cmake)
-- Using all available rosidl_typesupport_c: rosidl_typesupport_fastrtps_c;rosidl_typesupport_introspection_c
-- Using all available rosidl_typesupport_cpp: rosidl_typesupport_fastrtps_cpp;rosidl_typesupport_introspection_cpp
-- Found rmw_implementation_cmake: 6.1.2 (/opt/ros/humble/share/rmw_implementation_cmake/cmake)
-- Found rmw_fastrtps_cpp: 6.2.6 (/opt/ros/humble/share/rmw_fastrtps_cpp/cmake)
-- Found OpenSSL: /usr/lib/aarch64-linux-gnu/libcrypto.so (found version "3.0.2")  
-- Found FastRTPS: /opt/ros/humble/include  
-- Using RMW implementation 'rmw_fastrtps_cpp' as default
-- Looking for pthread.h
-- Looking for pthread.h - found
-- Performing Test CMAKE_HAVE_LIBC_PTHREAD
-- Performing Test CMAKE_HAVE_LIBC_PTHREAD - Success
-- Found Threads: TRUE  
-- Found tf2: 0.25.7 (/opt/ros/humble/share/tf2/cmake)
-- Found arduinobot_msgs: 0.0.0 (/home/parallels/arduinobot_ws/install/arduinobot_msgs/share/arduinobot_msgs/cmake)
-- Found ament_lint_auto: 0.12.11 (/opt/ros/humble/share/ament_lint_auto/cmake)
-- Added test 'cppcheck' to perform static code analysis on C / C++ code
-- Configured cppcheck include dirs: 
-- Configured cppcheck exclude dirs and/or files: 
-- Added test 'flake8' to check Python code syntax and style conventions
-- Added test 'lint_cmake' to check CMake code style
-- Added test 'pep257' to check Python code against some of the docstring style conventions in PEP 257
-- Added test 'uncrustify' to check C / C++ code style
-- Configured uncrustify additional arguments: 
-- Added test 'xmllint' to check XML markup files
-- Configuring done
-- Generating done
-- Build files have been written to: /home/parallels/arduinobot_ws/build/arduinobot_utils
[ 50%] [32mBuilding CXX object CMakeFiles/angle_conversion.dir/src/angle_conversion.cpp.o[0m
[ 50%] Built target ament_cmake_python_copy_arduinobot_utils
running egg_info
writing arduinobot_utils.egg-info/PKG-INFO
writing dependency_links to arduinobot_utils.egg-info/dependency_links.txt
writing top-level names to arduinobot_utils.egg-info/top_level.txt
reading manifest file 'arduinobot_utils.egg-info/SOURCES.txt'
writing manifest file 'arduinobot_utils.egg-info/SOURCES.txt'
[ 50%] Built target ament_cmake_python_build_arduinobot_utils_egg
[01m[K/home/parallels/arduinobot_ws/src/arduinobot_utils/src/angle_conversion.cpp:19:43:[m[K [01;31m[Kerror: [m[Kâ€˜[01m[KAddTwoInts[m[Kâ€™ is not a member of â€˜[01m[Karduinobot_msgs::srv[m[Kâ€™
   19 |     rclcpp::Service<arduinobot_msgs::srv::[01;31m[KAddTwoInts[m[K>::SharedPtr service_;
      |                                           [01;31m[K^~~~~~~~~~[m[K
[01m[K/home/parallels/arduinobot_ws/src/arduinobot_utils/src/angle_conversion.cpp:19:53:[m[K [01;31m[Kerror: [m[Ktemplate argument 1 is invalid
   19 |     rclcpp::Service<arduinobot_msgs::srv::AddTwoInts[01;31m[K>[m[K::SharedPtr service_;
      |                                                     [01;31m[K^[m[K
[01m[K/home/parallels/arduinobot_ws/src/arduinobot_utils/src/angle_conversion.cpp:19:56:[m[K [01;31m[Kerror: [m[Kexpected â€˜[01m[K;[m[Kâ€™ at end of member declaration
   19 |     rclcpp::Service<arduinobot_msgs::srv::AddTwoInts>::[01;31m[KSharedPtr[m[K service_;
      |                                                        [01;31m[K^~~~~~~~~[m[K
      |                                                                 [32m[K;[m[K
[01m[K/home/parallels/arduinobot_ws/src/arduinobot_utils/src/angle_conversion.cpp:19:66:[m[K [01;31m[Kerror: [m[Kâ€˜[01m[Kservice_[m[Kâ€™ does not name a type
   19 |  rclcpp::Service<arduinobot_msgs::srv::AddTwoInts>::SharedPtr [01;31m[Kservice_[m[K;
      |                                                               [01;31m[K^~~~~~~~[m[K

[01m[K/home/parallels/arduinobot_ws/src/arduinobot_utils/src/angle_conversion.cpp:[m[K In constructor â€˜[01m[KAnglesConverter::AnglesConverter()[m[Kâ€™:
[01m[K/home/parallels/arduinobot_ws/src/arduinobot_utils/src/angle_conversion.cpp:13:9:[m[K [01;31m[Kerror: [m[Kâ€˜[01m[Keuler_to_quaternion_[m[Kâ€™ was not declared in this scope
   13 |         [01;31m[Keuler_to_quaternion_[m[K = create_service<arduinobot_msgs::srv::EulerToQuaternion>("quaternion_to_euler", std::bind(&SimpleServiceServer::eulerToQuaternionCallback, this, _1,_2));
      |         [01;31m[K^~~~~~~~~~~~~~~~~~~~[m[K
[01m[K/home/parallels/arduinobot_ws/src/arduinobot_utils/src/angle_conversion.cpp:13:122:[m[K [01;31m[Kerror: [m[Kâ€˜[01m[KSimpleServiceServer[m[Kâ€™ has not been declared
   13 | ::srv::EulerToQuaternion>("quaternion_to_euler", std::bind(&[01;31m[KSimpleServiceServer[m[K::eulerToQuaternionCallback, this, _1,_2));
      |                                                             [01;31m[K^~~~~~~~~~~~~~~~~~~[m[K

[01m[K/home/parallels/arduinobot_ws/src/arduinobot_utils/src/angle_conversion.cpp:14:9:[m[K [01;31m[Kerror: [m[Kâ€˜[01m[Kquaternion_to_euler_[m[Kâ€™ was not declared in this scope
   14 |         [01;31m[Kquaternion_to_euler_[m[K = create_service<arduinobot_msgs::srv::QuaternionToEuler>("euler_to_quaternion", std::bind(&SimpleServiceServer::quaternionToEulerCallback, this, _1,_2));
      |         [01;31m[K^~~~~~~~~~~~~~~~~~~~[m[K
[01m[K/home/parallels/arduinobot_ws/src/arduinobot_utils/src/angle_conversion.cpp:14:122:[m[K [01;31m[Kerror: [m[Kâ€˜[01m[KSimpleServiceServer[m[Kâ€™ has not been declared
   14 | ::srv::QuaternionToEuler>("euler_to_quaternion", std::bind(&[01;31m[KSimpleServiceServer[m[K::quaternionToEulerCallback, this, _1,_2));
      |                                                             [01;31m[K^~~~~~~~~~~~~~~~~~~[m[K

[01m[K/home/parallels/arduinobot_ws/src/arduinobot_utils/src/angle_conversion.cpp:[m[K In member function â€˜[01m[Kvoid AnglesConverter::eulerToQuaternionCallback(std::shared_ptr<arduinobot_msgs::srv::EulerToQuaternion_Request_<std::allocator<void> > >, std::shared_ptr<arduinobot_msgs::srv::EulerToQuaternion_Response_<std::allocator<void> > >)[m[Kâ€™:
[01m[K/home/parallels/arduinobot_ws/src/arduinobot_utils/src/angle_conversion.cpp:27:9:[m[K [01;31m[Kerror: [m[Kexpected â€˜[01m[K;[m[Kâ€™ before â€˜[01m[Kres[m[Kâ€™
   27 |         [01;31m[Kres[m[K->x = q.getX();
      |         [01;31m[K^~~[m[K
In file included from [01m[K/opt/ros/humble/include/rclcpp/rclcpp/client.hpp:40[m[K,
                 from [01m[K/opt/ros/humble/include/rclcpp/rclcpp/callback_group.hpp:24[m[K,
                 from [01m[K/opt/ros/humble/include/rclcpp/rclcpp/any_executable.hpp:20[m[K,
                 from [01m[K/opt/ros/humble/include/rclcpp/rclcpp/memory_strategy.hpp:25[m[K,
                 from [01m[K/opt/ros/humble/include/rclcpp/rclcpp/memory_strategies.hpp:18[m[K,
                 from [01m[K/opt/ros/humble/include/rclcpp/rclcpp/executor_options.hpp:20[m[K,
                 from [01m[K/opt/ros/humble/include/rclcpp/rclcpp/executor.hpp:37[m[K,
                 from [01m[K/opt/ros/humble/include/rclcpp/rclcpp/executors/multi_threaded_executor.hpp:25[m[K,
                 from [01m[K/opt/ros/humble/include/rclcpp/rclcpp/executors.hpp:21[m[K,
                 from [01m[K/opt/ros/humble/include/rclcpp/rclcpp/rclcpp.hpp:155[m[K,
                 from [01m[K/home/parallels/arduinobot_ws/src/arduinobot_utils/src/angle_conversion.cpp:1[m[K:
[01m[K/home/parallels/arduinobot_ws/src/arduinobot_utils/src/angle_conversion.cpp:[m[K In member function â€˜[01m[Kvoid AnglesConverter::quaternionToEulerCallback(std::shared_ptr<arduinobot_msgs::srv::QuaternionToEuler_Request_<std::allocator<void> > >, std::shared_ptr<arduinobot_msgs::srv::QuaternionToEuler_Response_<std::allocator<void> > >)[m[Kâ€™:
[01m[K/home/parallels/arduinobot_ws/src/arduinobot_utils/src/angle_conversion.cpp:42:9:[m[K [01;31m[Kerror: [m[Kexpected â€˜[01m[K;[m[Kâ€™ before â€˜[01m[Kdo[m[Kâ€™
   42 |         [01;31m[KRCLCPP_INFO_STREAM[m[K(rclcpp::get_logger("rclcpp"), "Corresponding euler angles roll: " <<res->roll << " pitch: " << res->pitch << " yaw: "<<res->yaw);
      |         [01;31m[K^~~~~~~~~~~~~~~~~~[m[K
gmake[2]: *** [CMakeFiles/angle_conversion.dir/build.make:76: CMakeFiles/angle_conversion.dir/src/angle_conversion.cpp.o] Error 1
gmake[1]: *** [CMakeFiles/Makefile2:140: CMakeFiles/angle_conversion.dir/all] Error 2
gmake: *** [Makefile:146: all] Error 2
