[0.007s] Invoking command in '/home/parallels/arduinobot_ws/build/arduinobot_utils': AMENT_PREFIX_PATH=/home/parallels/arduinobot_ws/install/arduinobot_msgs:${AMENT_PREFIX_PATH} CMAKE_PREFIX_PATH=/home/parallels/arduinobot_ws/install/arduinobot_msgs:/home/parallels/ros2_ws/install/vision_opencv:/home/parallels/ros2_ws/install/image_geometry:/home/parallels/ros2_ws/install/cv_bridge:/home/parallels/test_ws/install/turtlesim:/home/parallels/test_ws/install/my_package:/home/parallels/ros2_ws/install/opencv_tests:/home/parallels/ros2_ws/install/my_robot_controller:/opt/ros/humble LD_LIBRARY_PATH=/home/parallels/arduinobot_ws/install/arduinobot_msgs/lib:${LD_LIBRARY_PATH} PYTHONPATH=/home/parallels/arduinobot_ws/install/arduinobot_msgs/local/lib/python3.10/dist-packages:${PYTHONPATH} /usr/bin/cmake --build /home/parallels/arduinobot_ws/build/arduinobot_utils -- -j2 -l2
[0.042s] -- Found ament_cmake: 1.3.9 (/opt/ros/humble/share/ament_cmake/cmake)
[0.154s] -- Found rclpy: 3.3.13 (/opt/ros/humble/share/rclpy/cmake)
[0.161s] -- Found rclcpp: 16.0.9 (/opt/ros/humble/share/rclcpp/cmake)
[0.252s] -- Found rosidl_generator_c: 3.1.5 (/opt/ros/humble/share/rosidl_generator_c/cmake)
[0.261s] -- Found rosidl_adapter: 3.1.5 (/opt/ros/humble/share/rosidl_adapter/cmake)
[0.272s] -- Found rosidl_generator_cpp: 3.1.5 (/opt/ros/humble/share/rosidl_generator_cpp/cmake)
[0.310s] -- Using all available rosidl_typesupport_c: rosidl_typesupport_fastrtps_c;rosidl_typesupport_introspection_c
[0.339s] -- Using all available rosidl_typesupport_cpp: rosidl_typesupport_fastrtps_cpp;rosidl_typesupport_introspection_cpp
[0.516s] -- Found rmw_implementation_cmake: 6.1.2 (/opt/ros/humble/share/rmw_implementation_cmake/cmake)
[0.521s] -- Found rmw_fastrtps_cpp: 6.2.6 (/opt/ros/humble/share/rmw_fastrtps_cpp/cmake)
[0.624s] -- Found OpenSSL: /usr/lib/aarch64-linux-gnu/libcrypto.so (found version "3.0.2")  
[0.662s] -- Found FastRTPS: /opt/ros/humble/include  
[0.709s] -- Using RMW implementation 'rmw_fastrtps_cpp' as default
[0.724s] -- Looking for pthread.h
[0.854s] -- Looking for pthread.h - found
[0.855s] -- Performing Test CMAKE_HAVE_LIBC_PTHREAD
[0.939s] -- Performing Test CMAKE_HAVE_LIBC_PTHREAD - Success
[0.940s] -- Found Threads: TRUE  
[1.134s] -- Found tf2: 0.25.7 (/opt/ros/humble/share/tf2/cmake)
[1.208s] -- Found arduinobot_msgs: 0.0.0 (/home/parallels/arduinobot_ws/install/arduinobot_msgs/share/arduinobot_msgs/cmake)
[1.285s] -- Found ament_lint_auto: 0.12.11 (/opt/ros/humble/share/ament_lint_auto/cmake)
[1.348s] -- Added test 'cppcheck' to perform static code analysis on C / C++ code
[1.349s] -- Configured cppcheck include dirs: 
[1.350s] -- Configured cppcheck exclude dirs and/or files: 
[1.351s] -- Added test 'flake8' to check Python code syntax and style conventions
[1.352s] -- Added test 'lint_cmake' to check CMake code style
[1.352s] -- Added test 'pep257' to check Python code against some of the docstring style conventions in PEP 257
[1.353s] -- Added test 'uncrustify' to check C / C++ code style
[1.353s] -- Configured uncrustify additional arguments: 
[1.354s] -- Added test 'xmllint' to check XML markup files
[1.356s] -- Configuring done
[1.368s] -- Generating done
[1.370s] -- Build files have been written to: /home/parallels/arduinobot_ws/build/arduinobot_utils
[1.406s] [ 50%] [32mBuilding CXX object CMakeFiles/angle_conversion.dir/src/angle_conversion.cpp.o[0m
[1.419s] [ 50%] Built target ament_cmake_python_copy_arduinobot_utils
[1.688s] running egg_info
[1.688s] writing arduinobot_utils.egg-info/PKG-INFO
[1.688s] writing dependency_links to arduinobot_utils.egg-info/dependency_links.txt
[1.688s] writing top-level names to arduinobot_utils.egg-info/top_level.txt
[1.690s] reading manifest file 'arduinobot_utils.egg-info/SOURCES.txt'
[1.693s] writing manifest file 'arduinobot_utils.egg-info/SOURCES.txt'
[1.723s] [ 50%] Built target ament_cmake_python_build_arduinobot_utils_egg
[3.803s] [01m[K/home/parallels/arduinobot_ws/src/arduinobot_utils/src/angle_conversion.cpp:19:43:[m[K [01;31m[Kerror: [m[Kâ€˜[01m[KAddTwoInts[m[Kâ€™ is not a member of â€˜[01m[Karduinobot_msgs::srv[m[Kâ€™
[3.803s]    19 |     rclcpp::Service<arduinobot_msgs::srv::[01;31m[KAddTwoInts[m[K>::SharedPtr service_;
[3.803s]       |                                           [01;31m[K^~~~~~~~~~[m[K
[3.804s] [01m[K/home/parallels/arduinobot_ws/src/arduinobot_utils/src/angle_conversion.cpp:19:53:[m[K [01;31m[Kerror: [m[Ktemplate argument 1 is invalid
[3.804s]    19 |     rclcpp::Service<arduinobot_msgs::srv::AddTwoInts[01;31m[K>[m[K::SharedPtr service_;
[3.805s]       |                                                     [01;31m[K^[m[K
[3.805s] [01m[K/home/parallels/arduinobot_ws/src/arduinobot_utils/src/angle_conversion.cpp:19:56:[m[K [01;31m[Kerror: [m[Kexpected â€˜[01m[K;[m[Kâ€™ at end of member declaration
[3.805s]    19 |     rclcpp::Service<arduinobot_msgs::srv::AddTwoInts>::[01;31m[KSharedPtr[m[K service_;
[3.806s]       |                                                        [01;31m[K^~~~~~~~~[m[K
[3.806s]       |                                                                 [32m[K;[m[K
[3.808s] [01m[K/home/parallels/arduinobot_ws/src/arduinobot_utils/src/angle_conversion.cpp:19:66:[m[K [01;31m[Kerror: [m[Kâ€˜[01m[Kservice_[m[Kâ€™ does not name a type
[3.808s]    19 |  rclcpp::Service<arduinobot_msgs::srv::AddTwoInts>::SharedPtr [01;31m[Kservice_[m[K;
[3.808s]       |                                                               [01;31m[K^~~~~~~~[m[K
[3.808s] 
[3.820s] [01m[K/home/parallels/arduinobot_ws/src/arduinobot_utils/src/angle_conversion.cpp:[m[K In constructor â€˜[01m[KAnglesConverter::AnglesConverter()[m[Kâ€™:
[3.821s] [01m[K/home/parallels/arduinobot_ws/src/arduinobot_utils/src/angle_conversion.cpp:13:9:[m[K [01;31m[Kerror: [m[Kâ€˜[01m[Keuler_to_quaternion_[m[Kâ€™ was not declared in this scope
[3.821s]    13 |         [01;31m[Keuler_to_quaternion_[m[K = create_service<arduinobot_msgs::srv::EulerToQuaternion>("quaternion_to_euler", std::bind(&SimpleServiceServer::eulerToQuaternionCallback, this, _1,_2));
[3.821s]       |         [01;31m[K^~~~~~~~~~~~~~~~~~~~[m[K
[3.822s] [01m[K/home/parallels/arduinobot_ws/src/arduinobot_utils/src/angle_conversion.cpp:13:122:[m[K [01;31m[Kerror: [m[Kâ€˜[01m[KSimpleServiceServer[m[Kâ€™ has not been declared
[3.822s]    13 | ::srv::EulerToQuaternion>("quaternion_to_euler", std::bind(&[01;31m[KSimpleServiceServer[m[K::eulerToQuaternionCallback, this, _1,_2));
[3.822s]       |                                                             [01;31m[K^~~~~~~~~~~~~~~~~~~[m[K
[3.823s] 
[3.834s] [01m[K/home/parallels/arduinobot_ws/src/arduinobot_utils/src/angle_conversion.cpp:14:9:[m[K [01;31m[Kerror: [m[Kâ€˜[01m[Kquaternion_to_euler_[m[Kâ€™ was not declared in this scope
[3.835s]    14 |         [01;31m[Kquaternion_to_euler_[m[K = create_service<arduinobot_msgs::srv::QuaternionToEuler>("euler_to_quaternion", std::bind(&SimpleServiceServer::quaternionToEulerCallback, this, _1,_2));
[3.835s]       |         [01;31m[K^~~~~~~~~~~~~~~~~~~~[m[K
[3.835s] [01m[K/home/parallels/arduinobot_ws/src/arduinobot_utils/src/angle_conversion.cpp:14:122:[m[K [01;31m[Kerror: [m[Kâ€˜[01m[KSimpleServiceServer[m[Kâ€™ has not been declared
[3.836s]    14 | ::srv::QuaternionToEuler>("euler_to_quaternion", std::bind(&[01;31m[KSimpleServiceServer[m[K::quaternionToEulerCallback, this, _1,_2));
[3.836s]       |                                                             [01;31m[K^~~~~~~~~~~~~~~~~~~[m[K
[3.836s] 
[3.842s] [01m[K/home/parallels/arduinobot_ws/src/arduinobot_utils/src/angle_conversion.cpp:[m[K In member function â€˜[01m[Kvoid AnglesConverter::eulerToQuaternionCallback(std::shared_ptr<arduinobot_msgs::srv::EulerToQuaternion_Request_<std::allocator<void> > >, std::shared_ptr<arduinobot_msgs::srv::EulerToQuaternion_Response_<std::allocator<void> > >)[m[Kâ€™:
[3.842s] [01m[K/home/parallels/arduinobot_ws/src/arduinobot_utils/src/angle_conversion.cpp:27:9:[m[K [01;31m[Kerror: [m[Kexpected â€˜[01m[K;[m[Kâ€™ before â€˜[01m[Kres[m[Kâ€™
[3.843s]    27 |         [01;31m[Kres[m[K->x = q.getX();
[3.843s]       |         [01;31m[K^~~[m[K
[3.848s] In file included from [01m[K/opt/ros/humble/include/rclcpp/rclcpp/client.hpp:40[m[K,
[3.848s]                  from [01m[K/opt/ros/humble/include/rclcpp/rclcpp/callback_group.hpp:24[m[K,
[3.848s]                  from [01m[K/opt/ros/humble/include/rclcpp/rclcpp/any_executable.hpp:20[m[K,
[3.849s]                  from [01m[K/opt/ros/humble/include/rclcpp/rclcpp/memory_strategy.hpp:25[m[K,
[3.849s]                  from [01m[K/opt/ros/humble/include/rclcpp/rclcpp/memory_strategies.hpp:18[m[K,
[3.849s]                  from [01m[K/opt/ros/humble/include/rclcpp/rclcpp/executor_options.hpp:20[m[K,
[3.850s]                  from [01m[K/opt/ros/humble/include/rclcpp/rclcpp/executor.hpp:37[m[K,
[3.850s]                  from [01m[K/opt/ros/humble/include/rclcpp/rclcpp/executors/multi_threaded_executor.hpp:25[m[K,
[3.850s]                  from [01m[K/opt/ros/humble/include/rclcpp/rclcpp/executors.hpp:21[m[K,
[3.850s]                  from [01m[K/opt/ros/humble/include/rclcpp/rclcpp/rclcpp.hpp:155[m[K,
[3.850s]                  from [01m[K/home/parallels/arduinobot_ws/src/arduinobot_utils/src/angle_conversion.cpp:1[m[K:
[3.850s] [01m[K/home/parallels/arduinobot_ws/src/arduinobot_utils/src/angle_conversion.cpp:[m[K In member function â€˜[01m[Kvoid AnglesConverter::quaternionToEulerCallback(std::shared_ptr<arduinobot_msgs::srv::QuaternionToEuler_Request_<std::allocator<void> > >, std::shared_ptr<arduinobot_msgs::srv::QuaternionToEuler_Response_<std::allocator<void> > >)[m[Kâ€™:
[3.850s] [01m[K/home/parallels/arduinobot_ws/src/arduinobot_utils/src/angle_conversion.cpp:42:9:[m[K [01;31m[Kerror: [m[Kexpected â€˜[01m[K;[m[Kâ€™ before â€˜[01m[Kdo[m[Kâ€™
[3.850s]    42 |         [01;31m[KRCLCPP_INFO_STREAM[m[K(rclcpp::get_logger("rclcpp"), "Corresponding euler angles roll: " <<res->roll << " pitch: " << res->pitch << " yaw: "<<res->yaw);
[3.850s]       |         [01;31m[K^~~~~~~~~~~~~~~~~~[m[K
[4.255s] gmake[2]: *** [CMakeFiles/angle_conversion.dir/build.make:76: CMakeFiles/angle_conversion.dir/src/angle_conversion.cpp.o] Error 1
[4.255s] gmake[1]: *** [CMakeFiles/Makefile2:140: CMakeFiles/angle_conversion.dir/all] Error 2
[4.255s] gmake: *** [Makefile:146: all] Error 2
[4.275s] Invoked command in '/home/parallels/arduinobot_ws/build/arduinobot_utils' returned '2': AMENT_PREFIX_PATH=/home/parallels/arduinobot_ws/install/arduinobot_msgs:${AMENT_PREFIX_PATH} CMAKE_PREFIX_PATH=/home/parallels/arduinobot_ws/install/arduinobot_msgs:/home/parallels/ros2_ws/install/vision_opencv:/home/parallels/ros2_ws/install/image_geometry:/home/parallels/ros2_ws/install/cv_bridge:/home/parallels/test_ws/install/turtlesim:/home/parallels/test_ws/install/my_package:/home/parallels/ros2_ws/install/opencv_tests:/home/parallels/ros2_ws/install/my_robot_controller:/opt/ros/humble LD_LIBRARY_PATH=/home/parallels/arduinobot_ws/install/arduinobot_msgs/lib:${LD_LIBRARY_PATH} PYTHONPATH=/home/parallels/arduinobot_ws/install/arduinobot_msgs/local/lib/python3.10/dist-packages:${PYTHONPATH} /usr/bin/cmake --build /home/parallels/arduinobot_ws/build/arduinobot_utils -- -j2 -l2
