[0.012s] Invoking command in '/home/parallels/arduinobot_ws/build/arduinobot_cpp_examples': AMENT_PREFIX_PATH=/home/parallels/arduinobot_ws/install/arduinobot_msgs:${AMENT_PREFIX_PATH} CMAKE_PREFIX_PATH=/home/parallels/arduinobot_ws/install/arduinobot_msgs:/home/parallels/ros2_ws/install/vision_opencv:/home/parallels/ros2_ws/install/image_geometry:/home/parallels/ros2_ws/install/cv_bridge:/home/parallels/test_ws/install/turtlesim:/home/parallels/test_ws/install/my_package:/home/parallels/ros2_ws/install/opencv_tests:/home/parallels/ros2_ws/install/my_robot_controller:/opt/ros/humble LD_LIBRARY_PATH=/home/parallels/arduinobot_ws/install/arduinobot_msgs/lib:${LD_LIBRARY_PATH} PYTHONPATH=/home/parallels/arduinobot_ws/install/arduinobot_msgs/local/lib/python3.10/dist-packages:${PYTHONPATH} /usr/bin/cmake --build /home/parallels/arduinobot_ws/build/arduinobot_cpp_examples -- -j6 -l6
[0.197s] [ 22%] Built target simple_parameter
[0.197s] [ 22%] Built target simple_publisher
[0.197s] [ 33%] Built target simple_service_server
[0.197s] [ 44%] Built target simple_action_server
[0.197s] [ 55%] Built target simple_service_client
[0.197s] [ 66%] Built target simple_subscriber
[0.197s] [35m[1mConsolidate compiler generated dependencies of target simple_action_client[0m
[0.197s] [35m[1mConsolidate compiler generated dependencies of target simple_action_client_node[0m
[0.197s] [ 72%] [32mBuilding CXX object CMakeFiles/simple_action_client.dir/src/simple_action_client.cpp.o[0m
[0.197s] [ 83%] Built target simple_action_client_node
[0.198s] [ 94%] Built target simple_action_server_node
[1.687s] [01m[K/home/parallels/arduinobot_ws/src/arduinobot_cpp_examples/src/simple_action_client.cpp:[m[K In constructor â€˜[01m[Karduinobot_cpp_examples::SimpleActionClient::SimpleActionClient(rclcpp::NodeOptions&)[m[Kâ€™:
[1.687s] [01m[K/home/parallels/arduinobot_ws/src/arduinobot_cpp_examples/src/simple_action_client.cpp:19:35:[m[K [01;31m[Kerror: [m[Kno matching function for call to â€˜[01m[Karduinobot_cpp_examples::SimpleActionClient::create_wall_timer()[m[Kâ€™
[1.687s]    19 |         timer_ = [01;31m[Kcreate_wall_timer()[m[K
[1.687s]       |                  [01;31m[K~~~~~~~~~~~~~~~~~^~[m[K
[1.687s] In file included from [01m[K/opt/ros/humble/include/rclcpp/rclcpp/executors/single_threaded_executor.hpp:28[m[K,
[1.687s]                  from [01m[K/opt/ros/humble/include/rclcpp/rclcpp/executors.hpp:22[m[K,
[1.687s]                  from [01m[K/opt/ros/humble/include/rclcpp/rclcpp/rclcpp.hpp:155[m[K,
[1.687s]                  from [01m[K/home/parallels/arduinobot_ws/src/arduinobot_cpp_examples/src/simple_action_client.cpp:1[m[K:
[1.687s] [01m[K/opt/ros/humble/include/rclcpp/rclcpp/node.hpp:238:3:[m[K [01;36m[Knote: [m[Kcandidate: â€˜[01m[Ktemplate<class DurationRepT, class DurationT, class CallbackT> typename rclcpp::WallTimer<CallbackT>::SharedPtr rclcpp::Node::create_wall_timer(std::chrono::duration<_Rep1, _Period1>, CallbackT, rclcpp::CallbackGroup::SharedPtr)[m[Kâ€™
[1.687s]   238 |   [01;36m[Kcreate_wall_timer[m[K(
[1.687s]       |   [01;36m[K^~~~~~~~~~~~~~~~~[m[K
[1.687s] [01m[K/opt/ros/humble/include/rclcpp/rclcpp/node.hpp:238:3:[m[K [01;36m[Knote: [m[K  template argument deduction/substitution failed:
[1.687s] [01m[K/home/parallels/arduinobot_ws/src/arduinobot_cpp_examples/src/simple_action_client.cpp:19:35:[m[K [01;36m[Knote: [m[K  candidate expects 3 arguments, 0 provided
[1.687s]    19 |         timer_ = [01;36m[Kcreate_wall_timer()[m[K
[1.687s]       |                  [01;36m[K~~~~~~~~~~~~~~~~~^~[m[K
[1.694s] [01m[K/home/parallels/arduinobot_ws/src/arduinobot_cpp_examples/src/simple_action_client.cpp:[m[K In member function â€˜[01m[Kvoid arduinobot_cpp_examples::SimpleActionClient::timerCallback()[m[Kâ€™:
[1.694s] [01m[K/home/parallels/arduinobot_ws/src/arduinobot_cpp_examples/src/simple_action_client.cpp:41:78:[m[K [01;31m[Kerror: [m[Kâ€˜[01m[KfeedbackCallback[m[Kâ€™ is not a member of â€˜[01m[Karduinobot_cpp_examples::SimpleActionClient[m[Kâ€™
[1.694s]    41 |         send_goal_options.feedback_callback = std::bind(&SimpleActionClient::[01;31m[KfeedbackCallback[m[K, this, _1, _2);
[1.694s]       |                                                                              [01;31m[K^~~~~~~~~~~~~~~~[m[K
[1.694s] [01m[K/home/parallels/arduinobot_ws/src/arduinobot_cpp_examples/src/simple_action_client.cpp:42:76:[m[K [01;31m[Kerror: [m[Kâ€˜[01m[KresultCallback[m[Kâ€™ is not a member of â€˜[01m[Karduinobot_cpp_examples::SimpleActionClient[m[Kâ€™
[1.694s]    42 |         send_goal_options.result_callback = std::bind(&SimpleActionClient::[01;31m[KresultCallback[m[K, this, _1);
[1.694s]       |                                                                            [01;31m[K^~~~~~~~~~~~~~[m[K
[1.701s] [01m[K/home/parallels/arduinobot_ws/src/arduinobot_cpp_examples/src/simple_action_client.cpp:44:44:[m[K [01;31m[Kerror: [m[Kâ€˜[01m[Kend_goal_options[m[Kâ€™ was not declared in this scope; did you mean â€˜[01m[Ksend_goal_options[m[Kâ€™?
[1.701s]    44 |         client_->async_send_goal(goal_msg, [01;31m[Kend_goal_options[m[K);
[1.701s]       |                                            [01;31m[K^~~~~~~~~~~~~~~~[m[K
[1.701s]       |                                            [32m[Ksend_goal_options[m[K
[1.705s] [01m[K/home/parallels/arduinobot_ws/src/arduinobot_cpp_examples/src/simple_action_client.cpp:[m[K In member function â€˜[01m[Kvoid arduinobot_cpp_examples::SimpleActionClient::feedback_callback(const SharedPtr&)[m[Kâ€™:
[1.705s] [01m[K/home/parallels/arduinobot_ws/src/arduinobot_cpp_examples/src/simple_action_client.cpp:72:23:[m[K [01;31m[Kerror: [m[Kâ€˜[01m[Kconst SharedPtr[m[Kâ€™ {aka â€˜[01m[Kconst class std::shared_ptr<rclcpp_action::ClientGoalHandle<arduinobot_msgs::action::Fibonacci> >[m[Kâ€™} has no member named â€˜[01m[Kcode[m[Kâ€™
[1.705s]    72 |         swtich(result.[01;31m[Kcode[m[K)
[1.705s]       |                       [01;31m[K^~~~[m[K
[1.711s] [01m[K/home/parallels/arduinobot_ws/src/arduinobot_cpp_examples/src/simple_action_client.cpp:72:9:[m[K [01;31m[Kerror: [m[Kâ€˜[01m[Kswtich[m[Kâ€™ was not declared in this scope
[1.711s]    72 |         [01;31m[Kswtich[m[K(result.code)
[1.711s]       |         [01;31m[K^~~~~~[m[K
[1.711s] [01m[K/home/parallels/arduinobot_ws/src/arduinobot_cpp_examples/src/simple_action_client.cpp:88:35:[m[K [01;31m[Kerror: [m[Kâ€˜[01m[Kusing element_type = class rclcpp_action::ClientGoalHandle<arduinobot_msgs::action::Fibonacci>[m[Kâ€™ {aka â€˜[01m[Kclass rclcpp_action::ClientGoalHandle<arduinobot_msgs::action::Fibonacci>[m[Kâ€™} has no member named â€˜[01m[Ksequence[m[Kâ€™
[1.711s]    88 |         for (auto number: result->[01;31m[Ksequence[m[K)
[1.711s]       |                                   [01;31m[K^~~~~~~~[m[K
[2.061s] In file included from [01m[K/usr/include/aarch64-linux-gnu/c++/11/bits/c++allocator.h:33[m[K,
[2.061s]                  from [01m[K/usr/include/c++/11/bits/allocator.h:46[m[K,
[2.061s]                  from [01m[K/usr/include/c++/11/memory:64[m[K,
[2.061s]                  from [01m[K/opt/ros/humble/include/rclcpp/rclcpp/rclcpp.hpp:153[m[K,
[2.061s]                  from [01m[K/home/parallels/arduinobot_ws/src/arduinobot_cpp_examples/src/simple_action_client.cpp:1[m[K:
[2.061s] /usr/include/c++/11/ext/new_allocator.h: In instantiation of â€˜[01m[Kvoid __gnu_cxx::new_allocator<_Tp>::construct(_Up*, _Args&& ...) [with _Up = arduinobot_cpp_examples::SimpleActionClient; _Args = {const rclcpp::NodeOptions&}; _Tp = arduinobot_cpp_examples::SimpleActionClient][m[Kâ€™:
[2.061s] [01m[K/usr/include/c++/11/bits/alloc_traits.h:516:17:[m[K   required from â€˜[01m[Kstatic void std::allocator_traits<std::allocator<_Tp1> >::construct(std::allocator_traits<std::allocator<_Tp1> >::allocator_type&, _Up*, _Args&& ...) [with _Up = arduinobot_cpp_examples::SimpleActionClient; _Args = {const rclcpp::NodeOptions&}; _Tp = arduinobot_cpp_examples::SimpleActionClient; std::allocator_traits<std::allocator<_Tp1> >::allocator_type = std::allocator<arduinobot_cpp_examples::SimpleActionClient>][m[Kâ€™
[2.061s] [01m[K/usr/include/c++/11/bits/shared_ptr_base.h:519:39:[m[K   required from â€˜[01m[Kstd::_Sp_counted_ptr_inplace<_Tp, _Alloc, _Lp>::_Sp_counted_ptr_inplace(_Alloc, _Args&& ...) [with _Args = {const rclcpp::NodeOptions&}; _Tp = arduinobot_cpp_examples::SimpleActionClient; _Alloc = std::allocator<arduinobot_cpp_examples::SimpleActionClient>; __gnu_cxx::_Lock_policy _Lp = __gnu_cxx::_S_atomic][m[Kâ€™
[2.061s] [01m[K/usr/include/c++/11/bits/shared_ptr_base.h:650:16:[m[K   required from â€˜[01m[Kstd::__shared_count<_Lp>::__shared_count(_Tp*&, std::_Sp_alloc_shared_tag<_Alloc>, _Args&& ...) [with _Tp = arduinobot_cpp_examples::SimpleActionClient; _Alloc = std::allocator<arduinobot_cpp_examples::SimpleActionClient>; _Args = {const rclcpp::NodeOptions&}; __gnu_cxx::_Lock_policy _Lp = __gnu_cxx::_S_atomic][m[Kâ€™
[2.061s] [01m[K/usr/include/c++/11/bits/shared_ptr_base.h:1342:14:[m[K   required from â€˜[01m[Kstd::__shared_ptr<_Tp, _Lp>::__shared_ptr(std::_Sp_alloc_shared_tag<_Tp>, _Args&& ...) [with _Alloc = std::allocator<arduinobot_cpp_examples::SimpleActionClient>; _Args = {const rclcpp::NodeOptions&}; _Tp = arduinobot_cpp_examples::SimpleActionClient; __gnu_cxx::_Lock_policy _Lp = __gnu_cxx::_S_atomic][m[Kâ€™
[2.061s] [01m[K/usr/include/c++/11/bits/shared_ptr.h:409:59:[m[K   required from â€˜[01m[Kstd::shared_ptr<_Tp>::shared_ptr(std::_Sp_alloc_shared_tag<_Tp>, _Args&& ...) [with _Alloc = std::allocator<arduinobot_cpp_examples::SimpleActionClient>; _Args = {const rclcpp::NodeOptions&}; _Tp = arduinobot_cpp_examples::SimpleActionClient][m[Kâ€™
[2.061s] [01m[K/usr/include/c++/11/bits/shared_ptr.h:862:14:[m[K   required from â€˜[01m[Kstd::shared_ptr<_Tp> std::allocate_shared(const _Alloc&, _Args&& ...) [with _Tp = arduinobot_cpp_examples::SimpleActionClient; _Alloc = std::allocator<arduinobot_cpp_examples::SimpleActionClient>; _Args = {const rclcpp::NodeOptions&}][m[Kâ€™
[2.061s] [01m[K/usr/include/c++/11/bits/shared_ptr.h:878:39:[m[K   required from â€˜[01m[Kstd::shared_ptr<_Tp> std::make_shared(_Args&& ...) [with _Tp = arduinobot_cpp_examples::SimpleActionClient; _Args = {const rclcpp::NodeOptions&}][m[Kâ€™
[2.061s] [01m[K/opt/ros/humble/include/rclcpp_components/rclcpp_components/node_factory_template.hpp:45:40:[m[K   required from â€˜[01m[Krclcpp_components::NodeInstanceWrapper rclcpp_components::NodeFactoryTemplate<NodeT>::create_node_instance(const rclcpp::NodeOptions&) [with NodeT = arduinobot_cpp_examples::SimpleActionClient][m[Kâ€™
[2.061s] [01m[K/opt/ros/humble/include/rclcpp_components/rclcpp_components/node_factory_template.hpp:43:3:[m[K   required from here
[2.061s] [01m[K/usr/include/c++/11/ext/new_allocator.h:162:11:[m[K [01;31m[Kerror: [m[Kbinding reference of type â€˜[01m[Krclcpp::NodeOptions&[m[Kâ€™ to â€˜[01m[Kconst rclcpp::NodeOptions[m[Kâ€™ discards qualifiers
[2.061s]   162 |         { [01;31m[K::new((void *)__p) _Up(std::forward<_Args>(__args)...)[m[K; }
[2.061s]       |           [01;31m[K^~~~~~~~~~~~~~~~~~~~~~~~~~~~~~~~~~~~~~~~~~~~~~~~~~~~~~[m[K
[2.061s] [01m[K/home/parallels/arduinobot_ws/src/arduinobot_cpp_examples/src/simple_action_client.cpp:16:54:[m[K [01;36m[Knote: [m[K  initializing argument 1 of â€˜[01m[Karduinobot_cpp_examples::SimpleActionClient::SimpleActionClient(rclcpp::NodeOptions&)[m[Kâ€™
[2.062s]    16 |     explicit SimpleActionClient([01;36m[Krclcpp::NodeOptions& options[m[K) : Node("simple_action_client", options)
[2.062s]       |                                 [01;36m[K~~~~~~~~~~~~~~~~~~~~~^~~~~~~[m[K
[2.124s] gmake[2]: *** [CMakeFiles/simple_action_client.dir/build.make:76: CMakeFiles/simple_action_client.dir/src/simple_action_client.cpp.o] Error 1
[2.125s] gmake[1]: *** [CMakeFiles/Makefile2:335: CMakeFiles/simple_action_client.dir/all] Error 2
[2.125s] gmake: *** [Makefile:146: all] Error 2
[2.126s] Invoked command in '/home/parallels/arduinobot_ws/build/arduinobot_cpp_examples' returned '2': AMENT_PREFIX_PATH=/home/parallels/arduinobot_ws/install/arduinobot_msgs:${AMENT_PREFIX_PATH} CMAKE_PREFIX_PATH=/home/parallels/arduinobot_ws/install/arduinobot_msgs:/home/parallels/ros2_ws/install/vision_opencv:/home/parallels/ros2_ws/install/image_geometry:/home/parallels/ros2_ws/install/cv_bridge:/home/parallels/test_ws/install/turtlesim:/home/parallels/test_ws/install/my_package:/home/parallels/ros2_ws/install/opencv_tests:/home/parallels/ros2_ws/install/my_robot_controller:/opt/ros/humble LD_LIBRARY_PATH=/home/parallels/arduinobot_ws/install/arduinobot_msgs/lib:${LD_LIBRARY_PATH} PYTHONPATH=/home/parallels/arduinobot_ws/install/arduinobot_msgs/local/lib/python3.10/dist-packages:${PYTHONPATH} /usr/bin/cmake --build /home/parallels/arduinobot_ws/build/arduinobot_cpp_examples -- -j6 -l6
